2013/05/14 03:53:06 [error] [php] Trying to get property of non-object (D:\wamp\www\THEME\adminblacktheme\protected\views\site\index.php:8)
Stack trace:
#0 D:\wamp\www\yiiframework\framework\web\CController.php(869): SiteController->renderFile()
#1 D:\wamp\www\yiiframework\framework\web\CController.php(782): SiteController->renderPartial()
#2 D:\wamp\www\THEME\adminblacktheme\protected\controllers\SiteController.php(32): SiteController->render()
#3 D:\wamp\www\yiiframework\framework\web\actions\CInlineAction.php(49): SiteController->actionIndex()
#4 D:\wamp\www\yiiframework\framework\web\CController.php(308): CInlineAction->runWithParams()
#5 D:\wamp\www\yiiframework\framework\web\CController.php(286): SiteController->runAction()
#6 D:\wamp\www\yiiframework\framework\web\CController.php(265): SiteController->runActionWithFilters()
#7 D:\wamp\www\yiiframework\framework\web\CWebApplication.php(282): SiteController->run()
#8 D:\wamp\www\yiiframework\framework\web\CWebApplication.php(141): CWebApplication->runController()
#9 D:\wamp\www\yiiframework\framework\base\CApplication.php(169): CWebApplication->processRequest()
#10 D:\wamp\www\THEME\adminblacktheme\index.php(13): CWebApplication->run()
REQUEST_URI=/theme/adminblacktheme/index.php
in D:\wamp\www\THEME\adminblacktheme\protected\views\site\index.php (8)
in D:\wamp\www\THEME\adminblacktheme\protected\controllers\SiteController.php (32)
in D:\wamp\www\THEME\adminblacktheme\index.php (13)
2013/05/14 04:00:14 [error] [exception.CHttpException.404] exception 'CHttpException' with message 'Unable to resolve the request "admin/category/create".' in D:\wamp\www\yiiframework\framework\web\CWebApplication.php:286
Stack trace:
#0 D:\wamp\www\yiiframework\framework\web\CWebApplication.php(141): CWebApplication->runController('admin/category/...')
#1 D:\wamp\www\yiiframework\framework\base\CApplication.php(169): CWebApplication->processRequest()
#2 D:\wamp\www\THEME\adminblacktheme\index.php(13): CApplication->run()
#3 {main}
REQUEST_URI=/theme/adminblacktheme/index.php?r=admin/category/create
HTTP_REFERER=http://127.0.0.1/theme/adminblacktheme/index.php
---
2013/05/14 04:00:14 [error] [exception.CHttpException.404] exception 'CHttpException' with message 'Unable to resolve the request "admin/category/create".' in D:\wamp\www\yiiframework\framework\web\CWebApplication.php:286
Stack trace:
#0 D:\wamp\www\yiiframework\framework\web\CWebApplication.php(141): CWebApplication->runController('admin/category/...')
#1 D:\wamp\www\yiiframework\framework\base\CApplication.php(169): CWebApplication->processRequest()
#2 D:\wamp\www\THEME\adminblacktheme\index.php(13): CApplication->run()
#3 {main}
REQUEST_URI=/theme/adminblacktheme/index.php?r=admin/category/create
HTTP_REFERER=http://127.0.0.1/theme/adminblacktheme/index.php
---
2013/05/14 04:02:23 [error] [exception.CHttpException.404] exception 'CHttpException' with message 'Unable to resolve the request "user/create".' in D:\wamp\www\yiiframework\framework\web\CWebApplication.php:286
Stack trace:
#0 D:\wamp\www\yiiframework\framework\web\CWebApplication.php(141): CWebApplication->runController('user/create')
#1 D:\wamp\www\yiiframework\framework\base\CApplication.php(169): CWebApplication->processRequest()
#2 D:\wamp\www\THEME\adminblacktheme\index.php(13): CApplication->run()
#3 {main}
REQUEST_URI=/theme/adminblacktheme/index.php?r=user/create
HTTP_REFERER=http://127.0.0.1/theme/adminblacktheme/index.php
---
2013/05/14 04:02:26 [error] [exception.CHttpException.404] exception 'CHttpException' with message 'Unable to resolve the request "gii".' in D:\wamp\www\yiiframework\framework\web\CWebApplication.php:286
Stack trace:
#0 D:\wamp\www\yiiframework\framework\web\CWebApplication.php(141): CWebApplication->runController('gii')
#1 D:\wamp\www\yiiframework\framework\base\CApplication.php(169): CWebApplication->processRequest()
#2 D:\wamp\www\THEME\adminblacktheme\index.php(13): CApplication->run()
#3 {main}
REQUEST_URI=/theme/adminblacktheme/index.php?r=gii
---
2013/05/14 04:09:27 [error] [exception.CHttpException.404] exception 'CHttpException' with message 'The system is unable to find the requested action "userreports".' in D:\wamp\www\yiiframework\framework\web\CController.php:483
Stack trace:
#0 D:\wamp\www\yiiframework\framework\web\CController.php(270): CController->missingAction('userreports')
#1 D:\wamp\www\yiiframework\framework\web\CWebApplication.php(282): CController->run('userreports')
#2 D:\wamp\www\yiiframework\framework\web\CWebApplication.php(141): CWebApplication->runController('user/userreport...')
#3 D:\wamp\www\yiiframework\framework\base\CApplication.php(169): CWebApplication->processRequest()
#4 D:\wamp\www\THEME\adminblacktheme\index.php(13): CApplication->run()
#5 {main}
REQUEST_URI=/theme/adminblacktheme/index.php?r=user/userreports
HTTP_REFERER=http://127.0.0.1/theme/adminblacktheme/index.php?r=user/create
---
2013/05/14 04:11:24 [error] [exception.CHttpException.404] exception 'CHttpException' with message 'Unable to resolve the request "admin/default".' in D:\wamp\www\yiiframework\framework\web\CWebApplication.php:286
Stack trace:
#0 D:\wamp\www\yiiframework\framework\web\CWebApplication.php(141): CWebApplication->runController('admin/default')
#1 D:\wamp\www\yiiframework\framework\base\CApplication.php(169): CWebApplication->processRequest()
#2 D:\wamp\www\THEME\adminblacktheme\index.php(13): CApplication->run()
#3 {main}
REQUEST_URI=/theme/adminblacktheme/index.php?r=admin/default
HTTP_REFERER=http://127.0.0.1/theme/adminblacktheme/index.php?r=user/admin
---
2013/05/14 04:27:21 [error] [exception.CHttpException.404] exception 'CHttpException' with message 'The requested page does not exist.' in D:\wamp\www\THEME\adminblacktheme\protected\controllers\UserController.php:157
Stack trace:
#0 D:\wamp\www\THEME\adminblacktheme\protected\controllers\UserController.php(55): UserController->loadModel('admin')
#1 [internal function]: UserController->actionView('admin')
#2 D:\wamp\www\yiiframework\framework\web\actions\CAction.php(108): ReflectionMethod->invokeArgs(Object(UserController), Array)
#3 D:\wamp\www\yiiframework\framework\web\actions\CInlineAction.php(47): CAction->runWithParamsInternal(Object(UserController), Object(ReflectionMethod), Array)
#4 D:\wamp\www\yiiframework\framework\web\CController.php(308): CInlineAction->runWithParams(Array)
#5 D:\wamp\www\yiiframework\framework\web\filters\CFilterChain.php(133): CController->runAction(Object(CInlineAction))
#6 D:\wamp\www\yiiframework\framework\web\filters\CFilter.php(40): CFilterChain->run()
#7 D:\wamp\www\yiiframework\framework\web\CController.php(1145): CFilter->filter(Object(CFilterChain))
#8 D:\wamp\www\yiiframework\framework\web\filters\CInlineFilter.php(58): CController->filterAccessControl(Object(CFilterChain))
#9 D:\wamp\www\yiiframework\framework\web\filters\CFilterChain.php(130): CInlineFilter->filter(Object(CFilterChain))
#10 D:\wamp\www\yiiframework\framework\web\CController.php(291): CFilterChain->run()
#11 D:\wamp\www\yiiframework\framework\web\CController.php(265): CController->runActionWithFilters(Object(CInlineAction), Array)
#12 D:\wamp\www\yiiframework\framework\web\CWebApplication.php(282): CController->run('view')
#13 D:\wamp\www\yiiframework\framework\web\CWebApplication.php(141): CWebApplication->runController('user/view')
#14 D:\wamp\www\yiiframework\framework\base\CApplication.php(169): CWebApplication->processRequest()
#15 D:\wamp\www\THEME\adminblacktheme\index.php(13): CApplication->run()
#16 {main}
REQUEST_URI=/theme/adminblacktheme/index.php?r=user/view&id=admin
HTTP_REFERER=http://127.0.0.1/theme/adminblacktheme/index.php?r=site/index
---
2013/05/14 04:39:37 [error] [system.db.CDbCommand] Error in preparing SQL: DELETE FROM 'tbl_user' WHERE i<2
in D:\wamp\www\THEME\adminblacktheme\protected\controllers\UserController.php (82)
in D:\wamp\www\THEME\adminblacktheme\index.php (13)
2013/05/14 04:39:37 [error] [system.db.CDbCommand] CDbCommand::execute() failed: CDbCommand failed to prepare the SQL statement: SQLSTATE[HY000]: General error: 1 no such column: i. The SQL statement executed was: DELETE FROM 'tbl_user' WHERE i<2.
in D:\wamp\www\THEME\adminblacktheme\protected\controllers\UserController.php (82)
in D:\wamp\www\THEME\adminblacktheme\index.php (13)
2013/05/14 04:39:37 [error] [exception.CDbException] exception 'CDbException' with message 'CDbCommand failed to execute the SQL statement: CDbCommand failed to prepare the SQL statement: SQLSTATE[HY000]: General error: 1 no such column: i. The SQL statement executed was: DELETE FROM 'tbl_user' WHERE i<2' in D:\wamp\www\yiiframework\framework\db\CDbCommand.php:357
Stack trace:
#0 D:\wamp\www\yiiframework\framework\db\ar\CActiveRecord.php(1761): CDbCommand->execute()
#1 D:\wamp\www\THEME\adminblacktheme\protected\controllers\UserController.php(82): CActiveRecord->deleteAll(Array)
#2 D:\wamp\www\yiiframework\framework\web\actions\CInlineAction.php(49): UserController->actionCreate()
#3 D:\wamp\www\yiiframework\framework\web\CController.php(308): CInlineAction->runWithParams(Array)
#4 D:\wamp\www\yiiframework\framework\web\filters\CFilterChain.php(133): CController->runAction(Object(CInlineAction))
#5 D:\wamp\www\yiiframework\framework\web\filters\CFilter.php(40): CFilterChain->run()
#6 D:\wamp\www\yiiframework\framework\web\CController.php(1145): CFilter->filter(Object(CFilterChain))
#7 D:\wamp\www\yiiframework\framework\web\filters\CInlineFilter.php(58): CController->filterAccessControl(Object(CFilterChain))
#8 D:\wamp\www\yiiframework\framework\web\filters\CFilterChain.php(130): CInlineFilter->filter(Object(CFilterChain))
#9 D:\wamp\www\yiiframework\framework\web\CController.php(291): CFilterChain->run()
#10 D:\wamp\www\yiiframework\framework\web\CController.php(265): CController->runActionWithFilters(Object(CInlineAction), Array)
#11 D:\wamp\www\yiiframework\framework\web\CWebApplication.php(282): CController->run('create')
#12 D:\wamp\www\yiiframework\framework\web\CWebApplication.php(141): CWebApplication->runController('user/create')
#13 D:\wamp\www\yiiframework\framework\base\CApplication.php(169): CWebApplication->processRequest()
#14 D:\wamp\www\THEME\adminblacktheme\index.php(13): CApplication->run()
#15 {main}
REQUEST_URI=/theme/adminblacktheme/index.php?r=user/create
HTTP_REFERER=http://127.0.0.1/theme/adminblacktheme/index.php?r=user/create
---
2013/05/15 03:36:36 [error] [exception.CHttpException.404] exception 'CHttpException' with message 'Unable to resolve the request "users/index".' in D:\wamp\www\yiiframework\framework\web\CWebApplication.php:286
Stack trace:
#0 D:\wamp\www\yiiframework\framework\web\CWebApplication.php(141): CWebApplication->runController('users/index')
#1 D:\wamp\www\yiiframework\framework\base\CApplication.php(169): CWebApplication->processRequest()
#2 D:\wamp\www\THEME\adminblacktheme\index.php(13): CApplication->run()
#3 {main}
REQUEST_URI=/theme/adminblacktheme/index.php?r=users/index
HTTP_REFERER=http://127.0.0.1/theme/adminblacktheme/index.php?r=site/login
---
2013/05/15 03:37:00 [error] [exception.CHttpException.404] exception 'CHttpException' with message 'Unable to resolve the request "users/index".' in D:\wamp\www\yiiframework\framework\web\CWebApplication.php:286
Stack trace:
#0 D:\wamp\www\yiiframework\framework\web\CWebApplication.php(141): CWebApplication->runController('users/index')
#1 D:\wamp\www\yiiframework\framework\base\CApplication.php(169): CWebApplication->processRequest()
#2 D:\wamp\www\THEME\adminblacktheme\index.php(13): CApplication->run()
#3 {main}
REQUEST_URI=/theme/adminblacktheme/index.php?r=users/index
HTTP_REFERER=http://127.0.0.1/theme/adminblacktheme/index.php?r=site/index
---
2013/05/15 03:37:03 [error] [exception.CHttpException.404] exception 'CHttpException' with message 'Unable to resolve the request "users/index".' in D:\wamp\www\yiiframework\framework\web\CWebApplication.php:286
Stack trace:
#0 D:\wamp\www\yiiframework\framework\web\CWebApplication.php(141): CWebApplication->runController('users/index')
#1 D:\wamp\www\yiiframework\framework\base\CApplication.php(169): CWebApplication->processRequest()
#2 D:\wamp\www\THEME\adminblacktheme\index.php(13): CApplication->run()
#3 {main}
REQUEST_URI=/theme/adminblacktheme/index.php?r=users/index
HTTP_REFERER=http://127.0.0.1/theme/adminblacktheme/index.php?r=users/index
---
2013/05/15 03:37:10 [error] [exception.CHttpException.404] exception 'CHttpException' with message 'Unable to resolve the request "users/index".' in D:\wamp\www\yiiframework\framework\web\CWebApplication.php:286
Stack trace:
#0 D:\wamp\www\yiiframework\framework\web\CWebApplication.php(141): CWebApplication->runController('users/index')
#1 D:\wamp\www\yiiframework\framework\base\CApplication.php(169): CWebApplication->processRequest()
#2 D:\wamp\www\THEME\adminblacktheme\index.php(13): CApplication->run()
#3 {main}
REQUEST_URI=/theme/adminblacktheme/index.php?r=users/index
HTTP_REFERER=http://127.0.0.1/theme/adminblacktheme/index.php?r=users/index
---
2013/05/15 03:37:57 [error] [exception.CHttpException.404] exception 'CHttpException' with message 'The system is unable to find the requested action "userreports".' in D:\wamp\www\yiiframework\framework\web\CController.php:483
Stack trace:
#0 D:\wamp\www\yiiframework\framework\web\CController.php(270): CController->missingAction('userreports')
#1 D:\wamp\www\yiiframework\framework\web\CWebApplication.php(282): CController->run('userreports')
#2 D:\wamp\www\yiiframework\framework\web\CWebApplication.php(141): CWebApplication->runController('user/userreport...')
#3 D:\wamp\www\yiiframework\framework\base\CApplication.php(169): CWebApplication->processRequest()
#4 D:\wamp\www\THEME\adminblacktheme\index.php(13): CApplication->run()
#5 {main}
REQUEST_URI=/theme/adminblacktheme/index.php?r=user/userreports
HTTP_REFERER=http://127.0.0.1/theme/adminblacktheme/index.php?r=user/index
---
