2015/04/05 00:46:40 [error] [exception.CException] exception 'CException' with message 'CActiveForm and its behaviors do not have a method or closure named "textAreaGroup".' in /var/www/yii/framework/base/CComponent.php:266
Stack trace:
#0 /var/www/planificacion/protected/views/actividad/_form.php(79): CComponent->__call('textAreaGroup', Array)
#1 /var/www/planificacion/protected/views/actividad/_form.php(79): CActiveForm->textAreaGroup(Object(Actividad), 'habilidades', Array)
#2 /var/www/yii/framework/web/CBaseController.php(126): require('/var/www/planif...')
#3 /var/www/yii/framework/web/CBaseController.php(95): CBaseController->renderInternal('/var/www/planif...', Array, true)
#4 /var/www/yii/framework/web/CController.php(869): CBaseController->renderFile('/var/www/planif...', Array, true)
#5 /var/www/planificacion/protected/views/actividad/create.php(18): CController->renderPartial('_form', Array)
#6 /var/www/yii/framework/web/CBaseController.php(126): require('/var/www/planif...')
#7 /var/www/yii/framework/web/CBaseController.php(95): CBaseController->renderInternal('/var/www/planif...', Array, true)
#8 /var/www/yii/framework/web/CController.php(869): CBaseController->renderFile('/var/www/planif...', Array, true)
#9 /var/www/yii/framework/web/CController.php(782): CController->renderPartial('create', Array, true)
#10 /var/www/planificacion/protected/controllers/ActividadController.php(79): CController->render('create', Array)
#11 /var/www/yii/framework/web/actions/CInlineAction.php(49): ActividadController->actionCreate()
#12 /var/www/yii/framework/web/CController.php(308): CInlineAction->runWithParams(Array)
#13 /var/www/yii/framework/web/filters/CFilterChain.php(133): CController->runAction(Object(CInlineAction))
#14 /var/www/yii/framework/web/filters/CFilter.php(40): CFilterChain->run()
#15 /var/www/yii/framework/web/CController.php(1145): CFilter->filter(Object(CFilterChain))
#16 /var/www/yii/framework/web/filters/CInlineFilter.php(58): CController->filterAccessControl(Object(CFilterChain))
#17 /var/www/yii/framework/web/filters/CFilterChain.php(130): CInlineFilter->filter(Object(CFilterChain))
#18 /var/www/yii/framework/web/CController.php(291): CFilterChain->run()
#19 /var/www/yii/framework/web/CController.php(265): CController->runActionWithFilters(Object(CInlineAction), Array)
#20 /var/www/yii/framework/web/CWebApplication.php(282): CController->run('create')
#21 /var/www/yii/framework/web/CWebApplication.php(141): CWebApplication->runController('actividad/creat...')
#22 /var/www/yii/framework/base/CApplication.php(180): CWebApplication->processRequest()
#23 /var/www/planificacion/index.php(13): CApplication->run()
#24 {main}
REQUEST_URI=/planificacion/index.php/actividad/create
HTTP_REFERER=http://127.0.0.1/planificacion/index.php/site/login
---
2015/04/05 00:48:41 [error] [exception.CException] exception 'CException' with message 'CActiveForm and its behaviors do not have a method or closure named "textAreaGroup".' in /var/www/yii/framework/base/CComponent.php:266
Stack trace:
#0 /var/www/planificacion/protected/views/actividad/_form.php(79): CComponent->__call('textAreaGroup', Array)
#1 /var/www/planificacion/protected/views/actividad/_form.php(79): CActiveForm->textAreaGroup(Object(Actividad), 'habilidades', Array)
#2 /var/www/yii/framework/web/CBaseController.php(126): require('/var/www/planif...')
#3 /var/www/yii/framework/web/CBaseController.php(95): CBaseController->renderInternal('/var/www/planif...', Array, true)
#4 /var/www/yii/framework/web/CController.php(869): CBaseController->renderFile('/var/www/planif...', Array, true)
#5 /var/www/planificacion/protected/views/actividad/create.php(18): CController->renderPartial('_form', Array)
#6 /var/www/yii/framework/web/CBaseController.php(126): require('/var/www/planif...')
#7 /var/www/yii/framework/web/CBaseController.php(95): CBaseController->renderInternal('/var/www/planif...', Array, true)
#8 /var/www/yii/framework/web/CController.php(869): CBaseController->renderFile('/var/www/planif...', Array, true)
#9 /var/www/yii/framework/web/CController.php(782): CController->renderPartial('create', Array, true)
#10 /var/www/planificacion/protected/controllers/ActividadController.php(79): CController->render('create', Array)
#11 /var/www/yii/framework/web/actions/CInlineAction.php(49): ActividadController->actionCreate()
#12 /var/www/yii/framework/web/CController.php(308): CInlineAction->runWithParams(Array)
#13 /var/www/yii/framework/web/filters/CFilterChain.php(133): CController->runAction(Object(CInlineAction))
#14 /var/www/yii/framework/web/filters/CFilter.php(40): CFilterChain->run()
#15 /var/www/yii/framework/web/CController.php(1145): CFilter->filter(Object(CFilterChain))
#16 /var/www/yii/framework/web/filters/CInlineFilter.php(58): CController->filterAccessControl(Object(CFilterChain))
#17 /var/www/yii/framework/web/filters/CFilterChain.php(130): CInlineFilter->filter(Object(CFilterChain))
#18 /var/www/yii/framework/web/CController.php(291): CFilterChain->run()
#19 /var/www/yii/framework/web/CController.php(265): CController->runActionWithFilters(Object(CInlineAction), Array)
#20 /var/www/yii/framework/web/CWebApplication.php(282): CController->run('create')
#21 /var/www/yii/framework/web/CWebApplication.php(141): CWebApplication->runController('actividad/creat...')
#22 /var/www/yii/framework/base/CApplication.php(180): CWebApplication->processRequest()
#23 /var/www/planificacion/index.php(13): CApplication->run()
#24 {main}
REQUEST_URI=/planificacion/index.php/actividad/create
HTTP_REFERER=http://127.0.0.1/planificacion/index.php/site/login
---
2015/04/05 00:48:42 [error] [exception.CException] exception 'CException' with message 'CActiveForm and its behaviors do not have a method or closure named "textAreaGroup".' in /var/www/yii/framework/base/CComponent.php:266
Stack trace:
#0 /var/www/planificacion/protected/views/actividad/_form.php(79): CComponent->__call('textAreaGroup', Array)
#1 /var/www/planificacion/protected/views/actividad/_form.php(79): CActiveForm->textAreaGroup(Object(Actividad), 'habilidades', Array)
#2 /var/www/yii/framework/web/CBaseController.php(126): require('/var/www/planif...')
#3 /var/www/yii/framework/web/CBaseController.php(95): CBaseController->renderInternal('/var/www/planif...', Array, true)
#4 /var/www/yii/framework/web/CController.php(869): CBaseController->renderFile('/var/www/planif...', Array, true)
#5 /var/www/planificacion/protected/views/actividad/create.php(18): CController->renderPartial('_form', Array)
#6 /var/www/yii/framework/web/CBaseController.php(126): require('/var/www/planif...')
#7 /var/www/yii/framework/web/CBaseController.php(95): CBaseController->renderInternal('/var/www/planif...', Array, true)
#8 /var/www/yii/framework/web/CController.php(869): CBaseController->renderFile('/var/www/planif...', Array, true)
#9 /var/www/yii/framework/web/CController.php(782): CController->renderPartial('create', Array, true)
#10 /var/www/planificacion/protected/controllers/ActividadController.php(79): CController->render('create', Array)
#11 /var/www/yii/framework/web/actions/CInlineAction.php(49): ActividadController->actionCreate()
#12 /var/www/yii/framework/web/CController.php(308): CInlineAction->runWithParams(Array)
#13 /var/www/yii/framework/web/filters/CFilterChain.php(133): CController->runAction(Object(CInlineAction))
#14 /var/www/yii/framework/web/filters/CFilter.php(40): CFilterChain->run()
#15 /var/www/yii/framework/web/CController.php(1145): CFilter->filter(Object(CFilterChain))
#16 /var/www/yii/framework/web/filters/CInlineFilter.php(58): CController->filterAccessControl(Object(CFilterChain))
#17 /var/www/yii/framework/web/filters/CFilterChain.php(130): CInlineFilter->filter(Object(CFilterChain))
#18 /var/www/yii/framework/web/CController.php(291): CFilterChain->run()
#19 /var/www/yii/framework/web/CController.php(265): CController->runActionWithFilters(Object(CInlineAction), Array)
#20 /var/www/yii/framework/web/CWebApplication.php(282): CController->run('create')
#21 /var/www/yii/framework/web/CWebApplication.php(141): CWebApplication->runController('actividad/creat...')
#22 /var/www/yii/framework/base/CApplication.php(180): CWebApplication->processRequest()
#23 /var/www/planificacion/index.php(13): CApplication->run()
#24 {main}
REQUEST_URI=/planificacion/index.php/actividad/create
HTTP_REFERER=http://127.0.0.1/planificacion/index.php/site/login
---
2015/04/05 00:56:10 [error] [exception.CException] exception 'CException' with message 'Alias "booster.filters.BootstrapFilter" is invalid. Make sure it points to an existing PHP file and the file is readable.' in /var/www/yii/framework/YiiBase.php:322
Stack trace:
#0 /var/www/yii/framework/YiiBase.php(196): YiiBase::import('booster.filters...', true)
#1 /var/www/yii/framework/web/filters/CFilterChain.php(89): YiiBase::createComponent(Array)
#2 /var/www/yii/framework/web/CController.php(291): CFilterChain::create(Object(ActividadController), Object(CInlineAction), Array)
#3 /var/www/yii/framework/web/CController.php(265): CController->runActionWithFilters(Object(CInlineAction), Array)
#4 /var/www/yii/framework/web/CWebApplication.php(282): CController->run('create')
#5 /var/www/yii/framework/web/CWebApplication.php(141): CWebApplication->runController('actividad/creat...')
#6 /var/www/yii/framework/base/CApplication.php(180): CWebApplication->processRequest()
#7 /var/www/planificacion/index.php(13): CApplication->run()
#8 {main}
REQUEST_URI=/planificacion/index.php/actividad/create
HTTP_REFERER=http://127.0.0.1/planificacion/index.php/site/login
---
2015/04/05 00:57:25 [error] [exception.CException] exception 'CException' with message 'Alias "booster.filters.BootstrapFilter" is invalid. Make sure it points to an existing PHP file and the file is readable.' in /var/www/yii/framework/YiiBase.php:322
Stack trace:
#0 /var/www/yii/framework/YiiBase.php(196): YiiBase::import('booster.filters...', true)
#1 /var/www/yii/framework/web/filters/CFilterChain.php(89): YiiBase::createComponent(Array)
#2 /var/www/yii/framework/web/CController.php(291): CFilterChain::create(Object(ActividadController), Object(CInlineAction), Array)
#3 /var/www/yii/framework/web/CController.php(265): CController->runActionWithFilters(Object(CInlineAction), Array)
#4 /var/www/yii/framework/web/CWebApplication.php(282): CController->run('create')
#5 /var/www/yii/framework/web/CWebApplication.php(141): CWebApplication->runController('actividad/creat...')
#6 /var/www/yii/framework/base/CApplication.php(180): CWebApplication->processRequest()
#7 /var/www/planificacion/index.php(13): CApplication->run()
#8 {main}
REQUEST_URI=/planificacion/index.php/actividad/create
HTTP_REFERER=http://127.0.0.1/planificacion/index.php/site/login
---
2015/04/05 00:57:44 [error] [exception.CException] exception 'CException' with message 'Alias "booster.filters.BootstrapFilter" is invalid. Make sure it points to an existing PHP file and the file is readable.' in /var/www/yii/framework/YiiBase.php:322
Stack trace:
#0 /var/www/yii/framework/YiiBase.php(196): YiiBase::import('booster.filters...', true)
#1 /var/www/yii/framework/web/filters/CFilterChain.php(89): YiiBase::createComponent(Array)
#2 /var/www/yii/framework/web/CController.php(291): CFilterChain::create(Object(ActividadController), Object(CInlineAction), Array)
#3 /var/www/yii/framework/web/CController.php(265): CController->runActionWithFilters(Object(CInlineAction), Array)
#4 /var/www/yii/framework/web/CWebApplication.php(282): CController->run('create')
#5 /var/www/yii/framework/web/CWebApplication.php(141): CWebApplication->runController('actividad/creat...')
#6 /var/www/yii/framework/base/CApplication.php(180): CWebApplication->processRequest()
#7 /var/www/planificacion/index.php(13): CApplication->run()
#8 {main}
REQUEST_URI=/planificacion/index.php/actividad/create
HTTP_REFERER=http://127.0.0.1/planificacion/index.php/site/login
---
2015/04/05 00:57:46 [error] [exception.CException] exception 'CException' with message 'Alias "booster.filters.BootstrapFilter" is invalid. Make sure it points to an existing PHP file and the file is readable.' in /var/www/yii/framework/YiiBase.php:322
Stack trace:
#0 /var/www/yii/framework/YiiBase.php(196): YiiBase::import('booster.filters...', true)
#1 /var/www/yii/framework/web/filters/CFilterChain.php(89): YiiBase::createComponent(Array)
#2 /var/www/yii/framework/web/CController.php(291): CFilterChain::create(Object(ActividadController), Object(CInlineAction), Array)
#3 /var/www/yii/framework/web/CController.php(265): CController->runActionWithFilters(Object(CInlineAction), Array)
#4 /var/www/yii/framework/web/CWebApplication.php(282): CController->run('create')
#5 /var/www/yii/framework/web/CWebApplication.php(141): CWebApplication->runController('actividad/creat...')
#6 /var/www/yii/framework/base/CApplication.php(180): CWebApplication->processRequest()
#7 /var/www/planificacion/index.php(13): CApplication->run()
#8 {main}
REQUEST_URI=/planificacion/index.php/actividad/create
---
2015/04/05 00:58:31 [error] [exception.CException] exception 'CException' with message 'Alias "booster.filters.BoosterFilter" is invalid. Make sure it points to an existing PHP file and the file is readable.' in /var/www/yii/framework/YiiBase.php:322
Stack trace:
#0 /var/www/yii/framework/YiiBase.php(196): YiiBase::import('booster.filters...', true)
#1 /var/www/yii/framework/web/filters/CFilterChain.php(89): YiiBase::createComponent(Array)
#2 /var/www/yii/framework/web/CController.php(291): CFilterChain::create(Object(ActividadController), Object(CInlineAction), Array)
#3 /var/www/yii/framework/web/CController.php(265): CController->runActionWithFilters(Object(CInlineAction), Array)
#4 /var/www/yii/framework/web/CWebApplication.php(282): CController->run('create')
#5 /var/www/yii/framework/web/CWebApplication.php(141): CWebApplication->runController('actividad/creat...')
#6 /var/www/yii/framework/base/CApplication.php(180): CWebApplication->processRequest()
#7 /var/www/planificacion/index.php(13): CApplication->run()
#8 {main}
REQUEST_URI=/planificacion/index.php/actividad/create
---
2015/04/05 00:58:32 [error] [exception.CException] exception 'CException' with message 'Alias "booster.filters.BoosterFilter" is invalid. Make sure it points to an existing PHP file and the file is readable.' in /var/www/yii/framework/YiiBase.php:322
Stack trace:
#0 /var/www/yii/framework/YiiBase.php(196): YiiBase::import('booster.filters...', true)
#1 /var/www/yii/framework/web/filters/CFilterChain.php(89): YiiBase::createComponent(Array)
#2 /var/www/yii/framework/web/CController.php(291): CFilterChain::create(Object(ActividadController), Object(CInlineAction), Array)
#3 /var/www/yii/framework/web/CController.php(265): CController->runActionWithFilters(Object(CInlineAction), Array)
#4 /var/www/yii/framework/web/CWebApplication.php(282): CController->run('create')
#5 /var/www/yii/framework/web/CWebApplication.php(141): CWebApplication->runController('actividad/creat...')
#6 /var/www/yii/framework/base/CApplication.php(180): CWebApplication->processRequest()
#7 /var/www/planificacion/index.php(13): CApplication->run()
#8 {main}
REQUEST_URI=/planificacion/index.php/actividad/create
---
2015/04/05 00:58:33 [error] [exception.CException] exception 'CException' with message 'Alias "booster.filters.BoosterFilter" is invalid. Make sure it points to an existing PHP file and the file is readable.' in /var/www/yii/framework/YiiBase.php:322
Stack trace:
#0 /var/www/yii/framework/YiiBase.php(196): YiiBase::import('booster.filters...', true)
#1 /var/www/yii/framework/web/filters/CFilterChain.php(89): YiiBase::createComponent(Array)
#2 /var/www/yii/framework/web/CController.php(291): CFilterChain::create(Object(ActividadController), Object(CInlineAction), Array)
#3 /var/www/yii/framework/web/CController.php(265): CController->runActionWithFilters(Object(CInlineAction), Array)
#4 /var/www/yii/framework/web/CWebApplication.php(282): CController->run('create')
#5 /var/www/yii/framework/web/CWebApplication.php(141): CWebApplication->runController('actividad/creat...')
#6 /var/www/yii/framework/base/CApplication.php(180): CWebApplication->processRequest()
#7 /var/www/planificacion/index.php(13): CApplication->run()
#8 {main}
REQUEST_URI=/planificacion/index.php/actividad/create
---
2015/04/05 00:58:34 [error] [exception.CException] exception 'CException' with message 'Alias "booster.filters.BoosterFilter" is invalid. Make sure it points to an existing PHP file and the file is readable.' in /var/www/yii/framework/YiiBase.php:322
Stack trace:
#0 /var/www/yii/framework/YiiBase.php(196): YiiBase::import('booster.filters...', true)
#1 /var/www/yii/framework/web/filters/CFilterChain.php(89): YiiBase::createComponent(Array)
#2 /var/www/yii/framework/web/CController.php(291): CFilterChain::create(Object(ActividadController), Object(CInlineAction), Array)
#3 /var/www/yii/framework/web/CController.php(265): CController->runActionWithFilters(Object(CInlineAction), Array)
#4 /var/www/yii/framework/web/CWebApplication.php(282): CController->run('create')
#5 /var/www/yii/framework/web/CWebApplication.php(141): CWebApplication->runController('actividad/creat...')
#6 /var/www/yii/framework/base/CApplication.php(180): CWebApplication->processRequest()
#7 /var/www/planificacion/index.php(13): CApplication->run()
#8 {main}
REQUEST_URI=/planificacion/index.php/actividad/create
---
2015/04/05 00:59:34 [error] [exception.CException] exception 'CException' with message 'Alias "path.alias.to.booster.filters.BoosterFilter" is invalid. Make sure it points to an existing directory or file.' in /var/www/yii/framework/YiiBase.php:347
Stack trace:
#0 /var/www/yii/framework/YiiBase.php(196): YiiBase::import('path.alias.to.b...', true)
#1 /var/www/yii/framework/web/filters/CFilterChain.php(89): YiiBase::createComponent(Array)
#2 /var/www/yii/framework/web/CController.php(291): CFilterChain::create(Object(ActividadController), Object(CInlineAction), Array)
#3 /var/www/yii/framework/web/CController.php(265): CController->runActionWithFilters(Object(CInlineAction), Array)
#4 /var/www/yii/framework/web/CWebApplication.php(282): CController->run('create')
#5 /var/www/yii/framework/web/CWebApplication.php(141): CWebApplication->runController('actividad/creat...')
#6 /var/www/yii/framework/base/CApplication.php(180): CWebApplication->processRequest()
#7 /var/www/planificacion/index.php(13): CApplication->run()
#8 {main}
REQUEST_URI=/planificacion/index.php/actividad/create
---
2015/04/05 00:59:55 [error] [exception.CException] exception 'CException' with message 'Alias "booster.filters.BoosterFilter" is invalid. Make sure it points to an existing PHP file and the file is readable.' in /var/www/yii/framework/YiiBase.php:322
Stack trace:
#0 /var/www/yii/framework/YiiBase.php(196): YiiBase::import('booster.filters...', true)
#1 /var/www/yii/framework/web/filters/CFilterChain.php(89): YiiBase::createComponent(Array)
#2 /var/www/yii/framework/web/CController.php(291): CFilterChain::create(Object(ActividadController), Object(CInlineAction), Array)
#3 /var/www/yii/framework/web/CController.php(265): CController->runActionWithFilters(Object(CInlineAction), Array)
#4 /var/www/yii/framework/web/CWebApplication.php(282): CController->run('create')
#5 /var/www/yii/framework/web/CWebApplication.php(141): CWebApplication->runController('actividad/creat...')
#6 /var/www/yii/framework/base/CApplication.php(180): CWebApplication->processRequest()
#7 /var/www/planificacion/index.php(13): CApplication->run()
#8 {main}
REQUEST_URI=/planificacion/index.php/actividad/create
---
2015/04/05 01:01:32 [error] [exception.CException] exception 'CException' with message 'Alias "booster.filters.BoosterFilter" is invalid. Make sure it points to an existing PHP file and the file is readable.' in /var/www/yii/framework/YiiBase.php:322
Stack trace:
#0 /var/www/yii/framework/YiiBase.php(196): YiiBase::import('booster.filters...', true)
#1 /var/www/yii/framework/web/filters/CFilterChain.php(89): YiiBase::createComponent(Array)
#2 /var/www/yii/framework/web/CController.php(291): CFilterChain::create(Object(ActividadController), Object(CInlineAction), Array)
#3 /var/www/yii/framework/web/CController.php(265): CController->runActionWithFilters(Object(CInlineAction), Array)
#4 /var/www/yii/framework/web/CWebApplication.php(282): CController->run('create')
#5 /var/www/yii/framework/web/CWebApplication.php(141): CWebApplication->runController('actividad/creat...')
#6 /var/www/yii/framework/base/CApplication.php(180): CWebApplication->processRequest()
#7 /var/www/planificacion/index.php(13): CApplication->run()
#8 {main}
REQUEST_URI=/planificacion/index.php/actividad/create
---
2015/04/05 01:01:33 [error] [exception.CException] exception 'CException' with message 'Alias "booster.filters.BoosterFilter" is invalid. Make sure it points to an existing PHP file and the file is readable.' in /var/www/yii/framework/YiiBase.php:322
Stack trace:
#0 /var/www/yii/framework/YiiBase.php(196): YiiBase::import('booster.filters...', true)
#1 /var/www/yii/framework/web/filters/CFilterChain.php(89): YiiBase::createComponent(Array)
#2 /var/www/yii/framework/web/CController.php(291): CFilterChain::create(Object(ActividadController), Object(CInlineAction), Array)
#3 /var/www/yii/framework/web/CController.php(265): CController->runActionWithFilters(Object(CInlineAction), Array)
#4 /var/www/yii/framework/web/CWebApplication.php(282): CController->run('create')
#5 /var/www/yii/framework/web/CWebApplication.php(141): CWebApplication->runController('actividad/creat...')
#6 /var/www/yii/framework/base/CApplication.php(180): CWebApplication->processRequest()
#7 /var/www/planificacion/index.php(13): CApplication->run()
#8 {main}
REQUEST_URI=/planificacion/index.php/actividad/create
---
2015/04/05 01:01:34 [error] [exception.CException] exception 'CException' with message 'Alias "booster.filters.BoosterFilter" is invalid. Make sure it points to an existing PHP file and the file is readable.' in /var/www/yii/framework/YiiBase.php:322
Stack trace:
#0 /var/www/yii/framework/YiiBase.php(196): YiiBase::import('booster.filters...', true)
#1 /var/www/yii/framework/web/filters/CFilterChain.php(89): YiiBase::createComponent(Array)
#2 /var/www/yii/framework/web/CController.php(291): CFilterChain::create(Object(ActividadController), Object(CInlineAction), Array)
#3 /var/www/yii/framework/web/CController.php(265): CController->runActionWithFilters(Object(CInlineAction), Array)
#4 /var/www/yii/framework/web/CWebApplication.php(282): CController->run('create')
#5 /var/www/yii/framework/web/CWebApplication.php(141): CWebApplication->runController('actividad/creat...')
#6 /var/www/yii/framework/base/CApplication.php(180): CWebApplication->processRequest()
#7 /var/www/planificacion/index.php(13): CApplication->run()
#8 {main}
REQUEST_URI=/planificacion/index.php/actividad/create
---
2015/04/05 01:01:35 [error] [exception.CException] exception 'CException' with message 'Alias "booster.filters.BoosterFilter" is invalid. Make sure it points to an existing PHP file and the file is readable.' in /var/www/yii/framework/YiiBase.php:322
Stack trace:
#0 /var/www/yii/framework/YiiBase.php(196): YiiBase::import('booster.filters...', true)
#1 /var/www/yii/framework/web/filters/CFilterChain.php(89): YiiBase::createComponent(Array)
#2 /var/www/yii/framework/web/CController.php(291): CFilterChain::create(Object(ActividadController), Object(CInlineAction), Array)
#3 /var/www/yii/framework/web/CController.php(265): CController->runActionWithFilters(Object(CInlineAction), Array)
#4 /var/www/yii/framework/web/CWebApplication.php(282): CController->run('create')
#5 /var/www/yii/framework/web/CWebApplication.php(141): CWebApplication->runController('actividad/creat...')
#6 /var/www/yii/framework/base/CApplication.php(180): CWebApplication->processRequest()
#7 /var/www/planificacion/index.php(13): CApplication->run()
#8 {main}
REQUEST_URI=/planificacion/index.php/actividad/create
---
2015/04/05 01:02:36 [error] [exception.CException] exception 'CException' with message 'Alias "booster.filters.BoosterFilter" is invalid. Make sure it points to an existing PHP file and the file is readable.' in /var/www/yii/framework/YiiBase.php:322
Stack trace:
#0 /var/www/yii/framework/YiiBase.php(196): YiiBase::import('booster.filters...', true)
#1 /var/www/yii/framework/web/filters/CFilterChain.php(89): YiiBase::createComponent(Array)
#2 /var/www/yii/framework/web/CController.php(291): CFilterChain::create(Object(ActividadController), Object(CInlineAction), Array)
#3 /var/www/yii/framework/web/CController.php(265): CController->runActionWithFilters(Object(CInlineAction), Array)
#4 /var/www/yii/framework/web/CWebApplication.php(282): CController->run('create')
#5 /var/www/yii/framework/web/CWebApplication.php(141): CWebApplication->runController('actividad/creat...')
#6 /var/www/yii/framework/base/CApplication.php(180): CWebApplication->processRequest()
#7 /var/www/planificacion/index.php(13): CApplication->run()
#8 {main}
REQUEST_URI=/planificacion/index.php/actividad/create
---
2015/04/05 01:02:37 [error] [exception.CException] exception 'CException' with message 'Alias "booster.filters.BoosterFilter" is invalid. Make sure it points to an existing PHP file and the file is readable.' in /var/www/yii/framework/YiiBase.php:322
Stack trace:
#0 /var/www/yii/framework/YiiBase.php(196): YiiBase::import('booster.filters...', true)
#1 /var/www/yii/framework/web/filters/CFilterChain.php(89): YiiBase::createComponent(Array)
#2 /var/www/yii/framework/web/CController.php(291): CFilterChain::create(Object(ActividadController), Object(CInlineAction), Array)
#3 /var/www/yii/framework/web/CController.php(265): CController->runActionWithFilters(Object(CInlineAction), Array)
#4 /var/www/yii/framework/web/CWebApplication.php(282): CController->run('create')
#5 /var/www/yii/framework/web/CWebApplication.php(141): CWebApplication->runController('actividad/creat...')
#6 /var/www/yii/framework/base/CApplication.php(180): CWebApplication->processRequest()
#7 /var/www/planificacion/index.php(13): CApplication->run()
#8 {main}
REQUEST_URI=/planificacion/index.php/actividad/create
---
2015/04/05 01:02:37 [error] [exception.CException] exception 'CException' with message 'Alias "booster.filters.BoosterFilter" is invalid. Make sure it points to an existing PHP file and the file is readable.' in /var/www/yii/framework/YiiBase.php:322
Stack trace:
#0 /var/www/yii/framework/YiiBase.php(196): YiiBase::import('booster.filters...', true)
#1 /var/www/yii/framework/web/filters/CFilterChain.php(89): YiiBase::createComponent(Array)
#2 /var/www/yii/framework/web/CController.php(291): CFilterChain::create(Object(ActividadController), Object(CInlineAction), Array)
#3 /var/www/yii/framework/web/CController.php(265): CController->runActionWithFilters(Object(CInlineAction), Array)
#4 /var/www/yii/framework/web/CWebApplication.php(282): CController->run('create')
#5 /var/www/yii/framework/web/CWebApplication.php(141): CWebApplication->runController('actividad/creat...')
#6 /var/www/yii/framework/base/CApplication.php(180): CWebApplication->processRequest()
#7 /var/www/planificacion/index.php(13): CApplication->run()
#8 {main}
REQUEST_URI=/planificacion/index.php/actividad/create
---
2015/04/05 01:02:38 [error] [exception.CException] exception 'CException' with message 'Alias "booster.filters.BoosterFilter" is invalid. Make sure it points to an existing PHP file and the file is readable.' in /var/www/yii/framework/YiiBase.php:322
Stack trace:
#0 /var/www/yii/framework/YiiBase.php(196): YiiBase::import('booster.filters...', true)
#1 /var/www/yii/framework/web/filters/CFilterChain.php(89): YiiBase::createComponent(Array)
#2 /var/www/yii/framework/web/CController.php(291): CFilterChain::create(Object(ActividadController), Object(CInlineAction), Array)
#3 /var/www/yii/framework/web/CController.php(265): CController->runActionWithFilters(Object(CInlineAction), Array)
#4 /var/www/yii/framework/web/CWebApplication.php(282): CController->run('create')
#5 /var/www/yii/framework/web/CWebApplication.php(141): CWebApplication->runController('actividad/creat...')
#6 /var/www/yii/framework/base/CApplication.php(180): CWebApplication->processRequest()
#7 /var/www/planificacion/index.php(13): CApplication->run()
#8 {main}
REQUEST_URI=/planificacion/index.php/actividad/create
---
2015/04/05 01:02:38 [error] [exception.CException] exception 'CException' with message 'Alias "booster.filters.BoosterFilter" is invalid. Make sure it points to an existing PHP file and the file is readable.' in /var/www/yii/framework/YiiBase.php:322
Stack trace:
#0 /var/www/yii/framework/YiiBase.php(196): YiiBase::import('booster.filters...', true)
#1 /var/www/yii/framework/web/filters/CFilterChain.php(89): YiiBase::createComponent(Array)
#2 /var/www/yii/framework/web/CController.php(291): CFilterChain::create(Object(ActividadController), Object(CInlineAction), Array)
#3 /var/www/yii/framework/web/CController.php(265): CController->runActionWithFilters(Object(CInlineAction), Array)
#4 /var/www/yii/framework/web/CWebApplication.php(282): CController->run('create')
#5 /var/www/yii/framework/web/CWebApplication.php(141): CWebApplication->runController('actividad/creat...')
#6 /var/www/yii/framework/base/CApplication.php(180): CWebApplication->processRequest()
#7 /var/www/planificacion/index.php(13): CApplication->run()
#8 {main}
REQUEST_URI=/planificacion/index.php/actividad/create
---
2015/04/05 01:02:38 [error] [exception.CException] exception 'CException' with message 'Alias "booster.filters.BoosterFilter" is invalid. Make sure it points to an existing PHP file and the file is readable.' in /var/www/yii/framework/YiiBase.php:322
Stack trace:
#0 /var/www/yii/framework/YiiBase.php(196): YiiBase::import('booster.filters...', true)
#1 /var/www/yii/framework/web/filters/CFilterChain.php(89): YiiBase::createComponent(Array)
#2 /var/www/yii/framework/web/CController.php(291): CFilterChain::create(Object(ActividadController), Object(CInlineAction), Array)
#3 /var/www/yii/framework/web/CController.php(265): CController->runActionWithFilters(Object(CInlineAction), Array)
#4 /var/www/yii/framework/web/CWebApplication.php(282): CController->run('create')
#5 /var/www/yii/framework/web/CWebApplication.php(141): CWebApplication->runController('actividad/creat...')
#6 /var/www/yii/framework/base/CApplication.php(180): CWebApplication->processRequest()
#7 /var/www/planificacion/index.php(13): CApplication->run()
#8 {main}
REQUEST_URI=/planificacion/index.php/actividad/create
---
2015/04/05 01:03:31 [error] [exception.CException] exception 'CException' with message 'Alias "booster.filters.BoosterFilter.php" is invalid. Make sure it points to an existing PHP file and the file is readable.' in /var/www/yii/framework/YiiBase.php:322
Stack trace:
#0 /var/www/yii/framework/YiiBase.php(196): YiiBase::import('booster.filters...', true)
#1 /var/www/yii/framework/web/filters/CFilterChain.php(89): YiiBase::createComponent(Array)
#2 /var/www/yii/framework/web/CController.php(291): CFilterChain::create(Object(ActividadController), Object(CInlineAction), Array)
#3 /var/www/yii/framework/web/CController.php(265): CController->runActionWithFilters(Object(CInlineAction), Array)
#4 /var/www/yii/framework/web/CWebApplication.php(282): CController->run('create')
#5 /var/www/yii/framework/web/CWebApplication.php(141): CWebApplication->runController('actividad/creat...')
#6 /var/www/yii/framework/base/CApplication.php(180): CWebApplication->processRequest()
#7 /var/www/planificacion/index.php(13): CApplication->run()
#8 {main}
REQUEST_URI=/planificacion/index.php/actividad/create
---
2015/04/05 01:24:18 [error] [exception.CException] exception 'CException' with message 'CActiveForm and its behaviors do not have a method or closure named "textAreaGroup".' in /var/www/yii/framework/base/CComponent.php:266
Stack trace:
#0 /var/www/planificacion/protected/views/actividad/_form.php(78): CComponent->__call('textAreaGroup', Array)
#1 /var/www/planificacion/protected/views/actividad/_form.php(78): CActiveForm->textAreaGroup(Object(Actividad), 'habilidades', Array)
#2 /var/www/yii/framework/web/CBaseController.php(126): require('/var/www/planif...')
#3 /var/www/yii/framework/web/CBaseController.php(95): CBaseController->renderInternal('/var/www/planif...', Array, true)
#4 /var/www/yii/framework/web/CController.php(869): CBaseController->renderFile('/var/www/planif...', Array, true)
#5 /var/www/planificacion/protected/views/actividad/create.php(18): CController->renderPartial('_form', Array)
#6 /var/www/yii/framework/web/CBaseController.php(126): require('/var/www/planif...')
#7 /var/www/yii/framework/web/CBaseController.php(95): CBaseController->renderInternal('/var/www/planif...', Array, true)
#8 /var/www/yii/framework/web/CController.php(869): CBaseController->renderFile('/var/www/planif...', Array, true)
#9 /var/www/yii/framework/web/CController.php(782): CController->renderPartial('create', Array, true)
#10 /var/www/planificacion/protected/controllers/ActividadController.php(79): CController->render('create', Array)
#11 /var/www/yii/framework/web/actions/CInlineAction.php(49): ActividadController->actionCreate()
#12 /var/www/yii/framework/web/CController.php(308): CInlineAction->runWithParams(Array)
#13 /var/www/yii/framework/web/filters/CFilterChain.php(133): CController->runAction(Object(CInlineAction))
#14 /var/www/yii/framework/web/filters/CFilter.php(40): CFilterChain->run()
#15 /var/www/yii/framework/web/CController.php(1145): CFilter->filter(Object(CFilterChain))
#16 /var/www/yii/framework/web/filters/CInlineFilter.php(58): CController->filterAccessControl(Object(CFilterChain))
#17 /var/www/yii/framework/web/filters/CFilterChain.php(130): CInlineFilter->filter(Object(CFilterChain))
#18 /var/www/yii/framework/web/CController.php(291): CFilterChain->run()
#19 /var/www/yii/framework/web/CController.php(265): CController->runActionWithFilters(Object(CInlineAction), Array)
#20 /var/www/yii/framework/web/CWebApplication.php(282): CController->run('create')
#21 /var/www/yii/framework/web/CWebApplication.php(141): CWebApplication->runController('actividad/creat...')
#22 /var/www/yii/framework/base/CApplication.php(180): CWebApplication->processRequest()
#23 /var/www/planificacion/index.php(13): CApplication->run()
#24 {main}
REQUEST_URI=/planificacion/index.php/actividad/create
HTTP_REFERER=http://127.0.0.1/planificacion/index.php/actividad
---
2015/04/05 01:26:16 [error] [exception.CException] exception 'CException' with message 'Property "CActiveForm.0" is not defined.' in /var/www/yii/framework/base/CComponent.php:173
Stack trace:
#0 /var/www/yii/framework/web/CWidgetFactory.php(161): CComponent->__set('0', 'booster.widgets...')
#1 /var/www/yii/framework/web/CBaseController.php(146): CWidgetFactory->createWidget(Object(ActividadController), 'CActiveForm', Array)
#2 /var/www/yii/framework/web/CBaseController.php(189): CBaseController->createWidget('CActiveForm', Array)
#3 /var/www/planificacion/protected/views/actividad/_form.php(22): CBaseController->beginWidget('CActiveForm', Array)
#4 /var/www/yii/framework/web/CBaseController.php(126): require('/var/www/planif...')
#5 /var/www/yii/framework/web/CBaseController.php(95): CBaseController->renderInternal('/var/www/planif...', Array, true)
#6 /var/www/yii/framework/web/CController.php(869): CBaseController->renderFile('/var/www/planif...', Array, true)
#7 /var/www/planificacion/protected/views/actividad/create.php(18): CController->renderPartial('_form', Array)
#8 /var/www/yii/framework/web/CBaseController.php(126): require('/var/www/planif...')
#9 /var/www/yii/framework/web/CBaseController.php(95): CBaseController->renderInternal('/var/www/planif...', Array, true)
#10 /var/www/yii/framework/web/CController.php(869): CBaseController->renderFile('/var/www/planif...', Array, true)
#11 /var/www/yii/framework/web/CController.php(782): CController->renderPartial('create', Array, true)
#12 /var/www/planificacion/protected/controllers/ActividadController.php(79): CController->render('create', Array)
#13 /var/www/yii/framework/web/actions/CInlineAction.php(49): ActividadController->actionCreate()
#14 /var/www/yii/framework/web/CController.php(308): CInlineAction->runWithParams(Array)
#15 /var/www/yii/framework/web/filters/CFilterChain.php(133): CController->runAction(Object(CInlineAction))
#16 /var/www/yii/framework/web/filters/CFilter.php(40): CFilterChain->run()
#17 /var/www/yii/framework/web/CController.php(1145): CFilter->filter(Object(CFilterChain))
#18 /var/www/yii/framework/web/filters/CInlineFilter.php(58): CController->filterAccessControl(Object(CFilterChain))
#19 /var/www/yii/framework/web/filters/CFilterChain.php(130): CInlineFilter->filter(Object(CFilterChain))
#20 /var/www/yii/framework/web/CController.php(291): CFilterChain->run()
#21 /var/www/yii/framework/web/CController.php(265): CController->runActionWithFilters(Object(CInlineAction), Array)
#22 /var/www/yii/framework/web/CWebApplication.php(282): CController->run('create')
#23 /var/www/yii/framework/web/CWebApplication.php(141): CWebApplication->runController('actividad/creat...')
#24 /var/www/yii/framework/base/CApplication.php(180): CWebApplication->processRequest()
#25 /var/www/planificacion/index.php(13): CApplication->run()
#26 {main}
REQUEST_URI=/planificacion/index.php/actividad/create
HTTP_REFERER=http://127.0.0.1/planificacion/index.php/actividad
---
2015/04/05 01:26:56 [error] [exception.CException] exception 'CException' with message 'Property "CActiveForm.0" is not defined.' in /var/www/yii/framework/base/CComponent.php:173
Stack trace:
#0 /var/www/yii/framework/web/CWidgetFactory.php(161): CComponent->__set('0', 'booster.widgets...')
#1 /var/www/yii/framework/web/CBaseController.php(146): CWidgetFactory->createWidget(Object(ActividadController), 'CActiveForm', Array)
#2 /var/www/yii/framework/web/CBaseController.php(189): CBaseController->createWidget('CActiveForm', Array)
#3 /var/www/planificacion/protected/views/actividad/_form.php(19): CBaseController->beginWidget('CActiveForm', Array)
#4 /var/www/yii/framework/web/CBaseController.php(126): require('/var/www/planif...')
#5 /var/www/yii/framework/web/CBaseController.php(95): CBaseController->renderInternal('/var/www/planif...', Array, true)
#6 /var/www/yii/framework/web/CController.php(869): CBaseController->renderFile('/var/www/planif...', Array, true)
#7 /var/www/planificacion/protected/views/actividad/create.php(18): CController->renderPartial('_form', Array)
#8 /var/www/yii/framework/web/CBaseController.php(126): require('/var/www/planif...')
#9 /var/www/yii/framework/web/CBaseController.php(95): CBaseController->renderInternal('/var/www/planif...', Array, true)
#10 /var/www/yii/framework/web/CController.php(869): CBaseController->renderFile('/var/www/planif...', Array, true)
#11 /var/www/yii/framework/web/CController.php(782): CController->renderPartial('create', Array, true)
#12 /var/www/planificacion/protected/controllers/ActividadController.php(79): CController->render('create', Array)
#13 /var/www/yii/framework/web/actions/CInlineAction.php(49): ActividadController->actionCreate()
#14 /var/www/yii/framework/web/CController.php(308): CInlineAction->runWithParams(Array)
#15 /var/www/yii/framework/web/filters/CFilterChain.php(133): CController->runAction(Object(CInlineAction))
#16 /var/www/yii/framework/web/filters/CFilter.php(40): CFilterChain->run()
#17 /var/www/yii/framework/web/CController.php(1145): CFilter->filter(Object(CFilterChain))
#18 /var/www/yii/framework/web/filters/CInlineFilter.php(58): CController->filterAccessControl(Object(CFilterChain))
#19 /var/www/yii/framework/web/filters/CFilterChain.php(130): CInlineFilter->filter(Object(CFilterChain))
#20 /var/www/yii/framework/web/CController.php(291): CFilterChain->run()
#21 /var/www/yii/framework/web/CController.php(265): CController->runActionWithFilters(Object(CInlineAction), Array)
#22 /var/www/yii/framework/web/CWebApplication.php(282): CController->run('create')
#23 /var/www/yii/framework/web/CWebApplication.php(141): CWebApplication->runController('actividad/creat...')
#24 /var/www/yii/framework/base/CApplication.php(180): CWebApplication->processRequest()
#25 /var/www/planificacion/index.php(13): CApplication->run()
#26 {main}
REQUEST_URI=/planificacion/index.php/actividad/create
HTTP_REFERER=http://127.0.0.1/planificacion/index.php/actividad
---
2015/04/05 01:26:57 [error] [exception.CException] exception 'CException' with message 'Property "CActiveForm.0" is not defined.' in /var/www/yii/framework/base/CComponent.php:173
Stack trace:
#0 /var/www/yii/framework/web/CWidgetFactory.php(161): CComponent->__set('0', 'booster.widgets...')
#1 /var/www/yii/framework/web/CBaseController.php(146): CWidgetFactory->createWidget(Object(ActividadController), 'CActiveForm', Array)
#2 /var/www/yii/framework/web/CBaseController.php(189): CBaseController->createWidget('CActiveForm', Array)
#3 /var/www/planificacion/protected/views/actividad/_form.php(19): CBaseController->beginWidget('CActiveForm', Array)
#4 /var/www/yii/framework/web/CBaseController.php(126): require('/var/www/planif...')
#5 /var/www/yii/framework/web/CBaseController.php(95): CBaseController->renderInternal('/var/www/planif...', Array, true)
#6 /var/www/yii/framework/web/CController.php(869): CBaseController->renderFile('/var/www/planif...', Array, true)
#7 /var/www/planificacion/protected/views/actividad/create.php(18): CController->renderPartial('_form', Array)
#8 /var/www/yii/framework/web/CBaseController.php(126): require('/var/www/planif...')
#9 /var/www/yii/framework/web/CBaseController.php(95): CBaseController->renderInternal('/var/www/planif...', Array, true)
#10 /var/www/yii/framework/web/CController.php(869): CBaseController->renderFile('/var/www/planif...', Array, true)
#11 /var/www/yii/framework/web/CController.php(782): CController->renderPartial('create', Array, true)
#12 /var/www/planificacion/protected/controllers/ActividadController.php(79): CController->render('create', Array)
#13 /var/www/yii/framework/web/actions/CInlineAction.php(49): ActividadController->actionCreate()
#14 /var/www/yii/framework/web/CController.php(308): CInlineAction->runWithParams(Array)
#15 /var/www/yii/framework/web/filters/CFilterChain.php(133): CController->runAction(Object(CInlineAction))
#16 /var/www/yii/framework/web/filters/CFilter.php(40): CFilterChain->run()
#17 /var/www/yii/framework/web/CController.php(1145): CFilter->filter(Object(CFilterChain))
#18 /var/www/yii/framework/web/filters/CInlineFilter.php(58): CController->filterAccessControl(Object(CFilterChain))
#19 /var/www/yii/framework/web/filters/CFilterChain.php(130): CInlineFilter->filter(Object(CFilterChain))
#20 /var/www/yii/framework/web/CController.php(291): CFilterChain->run()
#21 /var/www/yii/framework/web/CController.php(265): CController->runActionWithFilters(Object(CInlineAction), Array)
#22 /var/www/yii/framework/web/CWebApplication.php(282): CController->run('create')
#23 /var/www/yii/framework/web/CWebApplication.php(141): CWebApplication->runController('actividad/creat...')
#24 /var/www/yii/framework/base/CApplication.php(180): CWebApplication->processRequest()
#25 /var/www/planificacion/index.php(13): CApplication->run()
#26 {main}
REQUEST_URI=/planificacion/index.php/actividad/create
HTTP_REFERER=http://127.0.0.1/planificacion/index.php/actividad
---
2015/04/05 01:26:58 [error] [exception.CException] exception 'CException' with message 'Property "CActiveForm.0" is not defined.' in /var/www/yii/framework/base/CComponent.php:173
Stack trace:
#0 /var/www/yii/framework/web/CWidgetFactory.php(161): CComponent->__set('0', 'booster.widgets...')
#1 /var/www/yii/framework/web/CBaseController.php(146): CWidgetFactory->createWidget(Object(ActividadController), 'CActiveForm', Array)
#2 /var/www/yii/framework/web/CBaseController.php(189): CBaseController->createWidget('CActiveForm', Array)
#3 /var/www/planificacion/protected/views/actividad/_form.php(19): CBaseController->beginWidget('CActiveForm', Array)
#4 /var/www/yii/framework/web/CBaseController.php(126): require('/var/www/planif...')
#5 /var/www/yii/framework/web/CBaseController.php(95): CBaseController->renderInternal('/var/www/planif...', Array, true)
#6 /var/www/yii/framework/web/CController.php(869): CBaseController->renderFile('/var/www/planif...', Array, true)
#7 /var/www/planificacion/protected/views/actividad/create.php(18): CController->renderPartial('_form', Array)
#8 /var/www/yii/framework/web/CBaseController.php(126): require('/var/www/planif...')
#9 /var/www/yii/framework/web/CBaseController.php(95): CBaseController->renderInternal('/var/www/planif...', Array, true)
#10 /var/www/yii/framework/web/CController.php(869): CBaseController->renderFile('/var/www/planif...', Array, true)
#11 /var/www/yii/framework/web/CController.php(782): CController->renderPartial('create', Array, true)
#12 /var/www/planificacion/protected/controllers/ActividadController.php(79): CController->render('create', Array)
#13 /var/www/yii/framework/web/actions/CInlineAction.php(49): ActividadController->actionCreate()
#14 /var/www/yii/framework/web/CController.php(308): CInlineAction->runWithParams(Array)
#15 /var/www/yii/framework/web/filters/CFilterChain.php(133): CController->runAction(Object(CInlineAction))
#16 /var/www/yii/framework/web/filters/CFilter.php(40): CFilterChain->run()
#17 /var/www/yii/framework/web/CController.php(1145): CFilter->filter(Object(CFilterChain))
#18 /var/www/yii/framework/web/filters/CInlineFilter.php(58): CController->filterAccessControl(Object(CFilterChain))
#19 /var/www/yii/framework/web/filters/CFilterChain.php(130): CInlineFilter->filter(Object(CFilterChain))
#20 /var/www/yii/framework/web/CController.php(291): CFilterChain->run()
#21 /var/www/yii/framework/web/CController.php(265): CController->runActionWithFilters(Object(CInlineAction), Array)
#22 /var/www/yii/framework/web/CWebApplication.php(282): CController->run('create')
#23 /var/www/yii/framework/web/CWebApplication.php(141): CWebApplication->runController('actividad/creat...')
#24 /var/www/yii/framework/base/CApplication.php(180): CWebApplication->processRequest()
#25 /var/www/planificacion/index.php(13): CApplication->run()
#26 {main}
REQUEST_URI=/planificacion/index.php/actividad/create
HTTP_REFERER=http://127.0.0.1/planificacion/index.php/actividad
---
2015/04/05 01:26:58 [error] [exception.CException] exception 'CException' with message 'Property "CActiveForm.0" is not defined.' in /var/www/yii/framework/base/CComponent.php:173
Stack trace:
#0 /var/www/yii/framework/web/CWidgetFactory.php(161): CComponent->__set('0', 'booster.widgets...')
#1 /var/www/yii/framework/web/CBaseController.php(146): CWidgetFactory->createWidget(Object(ActividadController), 'CActiveForm', Array)
#2 /var/www/yii/framework/web/CBaseController.php(189): CBaseController->createWidget('CActiveForm', Array)
#3 /var/www/planificacion/protected/views/actividad/_form.php(19): CBaseController->beginWidget('CActiveForm', Array)
#4 /var/www/yii/framework/web/CBaseController.php(126): require('/var/www/planif...')
#5 /var/www/yii/framework/web/CBaseController.php(95): CBaseController->renderInternal('/var/www/planif...', Array, true)
#6 /var/www/yii/framework/web/CController.php(869): CBaseController->renderFile('/var/www/planif...', Array, true)
#7 /var/www/planificacion/protected/views/actividad/create.php(18): CController->renderPartial('_form', Array)
#8 /var/www/yii/framework/web/CBaseController.php(126): require('/var/www/planif...')
#9 /var/www/yii/framework/web/CBaseController.php(95): CBaseController->renderInternal('/var/www/planif...', Array, true)
#10 /var/www/yii/framework/web/CController.php(869): CBaseController->renderFile('/var/www/planif...', Array, true)
#11 /var/www/yii/framework/web/CController.php(782): CController->renderPartial('create', Array, true)
#12 /var/www/planificacion/protected/controllers/ActividadController.php(79): CController->render('create', Array)
#13 /var/www/yii/framework/web/actions/CInlineAction.php(49): ActividadController->actionCreate()
#14 /var/www/yii/framework/web/CController.php(308): CInlineAction->runWithParams(Array)
#15 /var/www/yii/framework/web/filters/CFilterChain.php(133): CController->runAction(Object(CInlineAction))
#16 /var/www/yii/framework/web/filters/CFilter.php(40): CFilterChain->run()
#17 /var/www/yii/framework/web/CController.php(1145): CFilter->filter(Object(CFilterChain))
#18 /var/www/yii/framework/web/filters/CInlineFilter.php(58): CController->filterAccessControl(Object(CFilterChain))
#19 /var/www/yii/framework/web/filters/CFilterChain.php(130): CInlineFilter->filter(Object(CFilterChain))
#20 /var/www/yii/framework/web/CController.php(291): CFilterChain->run()
#21 /var/www/yii/framework/web/CController.php(265): CController->runActionWithFilters(Object(CInlineAction), Array)
#22 /var/www/yii/framework/web/CWebApplication.php(282): CController->run('create')
#23 /var/www/yii/framework/web/CWebApplication.php(141): CWebApplication->runController('actividad/creat...')
#24 /var/www/yii/framework/base/CApplication.php(180): CWebApplication->processRequest()
#25 /var/www/planificacion/index.php(13): CApplication->run()
#26 {main}
REQUEST_URI=/planificacion/index.php/actividad/create
HTTP_REFERER=http://127.0.0.1/planificacion/index.php/actividad
---
2015/04/05 01:26:58 [error] [exception.CException] exception 'CException' with message 'Property "CActiveForm.0" is not defined.' in /var/www/yii/framework/base/CComponent.php:173
Stack trace:
#0 /var/www/yii/framework/web/CWidgetFactory.php(161): CComponent->__set('0', 'booster.widgets...')
#1 /var/www/yii/framework/web/CBaseController.php(146): CWidgetFactory->createWidget(Object(ActividadController), 'CActiveForm', Array)
#2 /var/www/yii/framework/web/CBaseController.php(189): CBaseController->createWidget('CActiveForm', Array)
#3 /var/www/planificacion/protected/views/actividad/_form.php(19): CBaseController->beginWidget('CActiveForm', Array)
#4 /var/www/yii/framework/web/CBaseController.php(126): require('/var/www/planif...')
#5 /var/www/yii/framework/web/CBaseController.php(95): CBaseController->renderInternal('/var/www/planif...', Array, true)
#6 /var/www/yii/framework/web/CController.php(869): CBaseController->renderFile('/var/www/planif...', Array, true)
#7 /var/www/planificacion/protected/views/actividad/create.php(18): CController->renderPartial('_form', Array)
#8 /var/www/yii/framework/web/CBaseController.php(126): require('/var/www/planif...')
#9 /var/www/yii/framework/web/CBaseController.php(95): CBaseController->renderInternal('/var/www/planif...', Array, true)
#10 /var/www/yii/framework/web/CController.php(869): CBaseController->renderFile('/var/www/planif...', Array, true)
#11 /var/www/yii/framework/web/CController.php(782): CController->renderPartial('create', Array, true)
#12 /var/www/planificacion/protected/controllers/ActividadController.php(79): CController->render('create', Array)
#13 /var/www/yii/framework/web/actions/CInlineAction.php(49): ActividadController->actionCreate()
#14 /var/www/yii/framework/web/CController.php(308): CInlineAction->runWithParams(Array)
#15 /var/www/yii/framework/web/filters/CFilterChain.php(133): CController->runAction(Object(CInlineAction))
#16 /var/www/yii/framework/web/filters/CFilter.php(40): CFilterChain->run()
#17 /var/www/yii/framework/web/CController.php(1145): CFilter->filter(Object(CFilterChain))
#18 /var/www/yii/framework/web/filters/CInlineFilter.php(58): CController->filterAccessControl(Object(CFilterChain))
#19 /var/www/yii/framework/web/filters/CFilterChain.php(130): CInlineFilter->filter(Object(CFilterChain))
#20 /var/www/yii/framework/web/CController.php(291): CFilterChain->run()
#21 /var/www/yii/framework/web/CController.php(265): CController->runActionWithFilters(Object(CInlineAction), Array)
#22 /var/www/yii/framework/web/CWebApplication.php(282): CController->run('create')
#23 /var/www/yii/framework/web/CWebApplication.php(141): CWebApplication->runController('actividad/creat...')
#24 /var/www/yii/framework/base/CApplication.php(180): CWebApplication->processRequest()
#25 /var/www/planificacion/index.php(13): CApplication->run()
#26 {main}
REQUEST_URI=/planificacion/index.php/actividad/create
HTTP_REFERER=http://127.0.0.1/planificacion/index.php/actividad
---
2015/04/05 01:26:58 [error] [exception.CException] exception 'CException' with message 'Property "CActiveForm.0" is not defined.' in /var/www/yii/framework/base/CComponent.php:173
Stack trace:
#0 /var/www/yii/framework/web/CWidgetFactory.php(161): CComponent->__set('0', 'booster.widgets...')
#1 /var/www/yii/framework/web/CBaseController.php(146): CWidgetFactory->createWidget(Object(ActividadController), 'CActiveForm', Array)
#2 /var/www/yii/framework/web/CBaseController.php(189): CBaseController->createWidget('CActiveForm', Array)
#3 /var/www/planificacion/protected/views/actividad/_form.php(19): CBaseController->beginWidget('CActiveForm', Array)
#4 /var/www/yii/framework/web/CBaseController.php(126): require('/var/www/planif...')
#5 /var/www/yii/framework/web/CBaseController.php(95): CBaseController->renderInternal('/var/www/planif...', Array, true)
#6 /var/www/yii/framework/web/CController.php(869): CBaseController->renderFile('/var/www/planif...', Array, true)
#7 /var/www/planificacion/protected/views/actividad/create.php(18): CController->renderPartial('_form', Array)
#8 /var/www/yii/framework/web/CBaseController.php(126): require('/var/www/planif...')
#9 /var/www/yii/framework/web/CBaseController.php(95): CBaseController->renderInternal('/var/www/planif...', Array, true)
#10 /var/www/yii/framework/web/CController.php(869): CBaseController->renderFile('/var/www/planif...', Array, true)
#11 /var/www/yii/framework/web/CController.php(782): CController->renderPartial('create', Array, true)
#12 /var/www/planificacion/protected/controllers/ActividadController.php(79): CController->render('create', Array)
#13 /var/www/yii/framework/web/actions/CInlineAction.php(49): ActividadController->actionCreate()
#14 /var/www/yii/framework/web/CController.php(308): CInlineAction->runWithParams(Array)
#15 /var/www/yii/framework/web/filters/CFilterChain.php(133): CController->runAction(Object(CInlineAction))
#16 /var/www/yii/framework/web/filters/CFilter.php(40): CFilterChain->run()
#17 /var/www/yii/framework/web/CController.php(1145): CFilter->filter(Object(CFilterChain))
#18 /var/www/yii/framework/web/filters/CInlineFilter.php(58): CController->filterAccessControl(Object(CFilterChain))
#19 /var/www/yii/framework/web/filters/CFilterChain.php(130): CInlineFilter->filter(Object(CFilterChain))
#20 /var/www/yii/framework/web/CController.php(291): CFilterChain->run()
#21 /var/www/yii/framework/web/CController.php(265): CController->runActionWithFilters(Object(CInlineAction), Array)
#22 /var/www/yii/framework/web/CWebApplication.php(282): CController->run('create')
#23 /var/www/yii/framework/web/CWebApplication.php(141): CWebApplication->runController('actividad/creat...')
#24 /var/www/yii/framework/base/CApplication.php(180): CWebApplication->processRequest()
#25 /var/www/planificacion/index.php(13): CApplication->run()
#26 {main}
REQUEST_URI=/planificacion/index.php/actividad/create
HTTP_REFERER=http://127.0.0.1/planificacion/index.php/actividad
---
2015/04/05 01:26:59 [error] [exception.CException] exception 'CException' with message 'Property "CActiveForm.0" is not defined.' in /var/www/yii/framework/base/CComponent.php:173
Stack trace:
#0 /var/www/yii/framework/web/CWidgetFactory.php(161): CComponent->__set('0', 'booster.widgets...')
#1 /var/www/yii/framework/web/CBaseController.php(146): CWidgetFactory->createWidget(Object(ActividadController), 'CActiveForm', Array)
#2 /var/www/yii/framework/web/CBaseController.php(189): CBaseController->createWidget('CActiveForm', Array)
#3 /var/www/planificacion/protected/views/actividad/_form.php(19): CBaseController->beginWidget('CActiveForm', Array)
#4 /var/www/yii/framework/web/CBaseController.php(126): require('/var/www/planif...')
#5 /var/www/yii/framework/web/CBaseController.php(95): CBaseController->renderInternal('/var/www/planif...', Array, true)
#6 /var/www/yii/framework/web/CController.php(869): CBaseController->renderFile('/var/www/planif...', Array, true)
#7 /var/www/planificacion/protected/views/actividad/create.php(18): CController->renderPartial('_form', Array)
#8 /var/www/yii/framework/web/CBaseController.php(126): require('/var/www/planif...')
#9 /var/www/yii/framework/web/CBaseController.php(95): CBaseController->renderInternal('/var/www/planif...', Array, true)
#10 /var/www/yii/framework/web/CController.php(869): CBaseController->renderFile('/var/www/planif...', Array, true)
#11 /var/www/yii/framework/web/CController.php(782): CController->renderPartial('create', Array, true)
#12 /var/www/planificacion/protected/controllers/ActividadController.php(79): CController->render('create', Array)
#13 /var/www/yii/framework/web/actions/CInlineAction.php(49): ActividadController->actionCreate()
#14 /var/www/yii/framework/web/CController.php(308): CInlineAction->runWithParams(Array)
#15 /var/www/yii/framework/web/filters/CFilterChain.php(133): CController->runAction(Object(CInlineAction))
#16 /var/www/yii/framework/web/filters/CFilter.php(40): CFilterChain->run()
#17 /var/www/yii/framework/web/CController.php(1145): CFilter->filter(Object(CFilterChain))
#18 /var/www/yii/framework/web/filters/CInlineFilter.php(58): CController->filterAccessControl(Object(CFilterChain))
#19 /var/www/yii/framework/web/filters/CFilterChain.php(130): CInlineFilter->filter(Object(CFilterChain))
#20 /var/www/yii/framework/web/CController.php(291): CFilterChain->run()
#21 /var/www/yii/framework/web/CController.php(265): CController->runActionWithFilters(Object(CInlineAction), Array)
#22 /var/www/yii/framework/web/CWebApplication.php(282): CController->run('create')
#23 /var/www/yii/framework/web/CWebApplication.php(141): CWebApplication->runController('actividad/creat...')
#24 /var/www/yii/framework/base/CApplication.php(180): CWebApplication->processRequest()
#25 /var/www/planificacion/index.php(13): CApplication->run()
#26 {main}
REQUEST_URI=/planificacion/index.php/actividad/create
HTTP_REFERER=http://127.0.0.1/planificacion/index.php/actividad
---
2015/04/05 01:47:37 [error] [exception.CException] exception 'CException' with message 'Object configuration must be an array containing a "class" element.' in /var/www/yii/framework/YiiBase.php:193
Stack trace:
#0 /var/www/yii/framework/base/CModule.php(386): YiiBase::createComponent(Array)
#1 /var/www/yii/framework/base/CModule.php(523): CModule->getComponent('bootstrap')
#2 /var/www/yii/framework/base/CApplication.php(163): CModule->preloadComponents()
#3 /var/www/yii/framework/YiiBase.php(125): CApplication->__construct('/var/www/planif...')
#4 /var/www/yii/framework/YiiBase.php(98): YiiBase::createApplication('CWebApplication', '/var/www/planif...')
#5 /var/www/planificacion/index.php(13): YiiBase::createWebApplication('/var/www/planif...')
#6 {main}
REQUEST_URI=/planificacion/index.php/actividad/index
HTTP_REFERER=http://127.0.0.1/planificacion/index.php/actividad/create
---
2015/04/05 01:47:51 [error] [exception.CException] exception 'CException' with message 'Object configuration must be an array containing a "class" element.' in /var/www/yii/framework/YiiBase.php:193
Stack trace:
#0 /var/www/yii/framework/base/CModule.php(386): YiiBase::createComponent(Array)
#1 /var/www/yii/framework/base/CModule.php(523): CModule->getComponent('bootstrap')
#2 /var/www/yii/framework/base/CApplication.php(163): CModule->preloadComponents()
#3 /var/www/yii/framework/YiiBase.php(125): CApplication->__construct('/var/www/planif...')
#4 /var/www/yii/framework/YiiBase.php(98): YiiBase::createApplication('CWebApplication', '/var/www/planif...')
#5 /var/www/planificacion/index.php(13): YiiBase::createWebApplication('/var/www/planif...')
#6 {main}
REQUEST_URI=/planificacion/index.php
---
2015/04/06 00:33:41 [error] [php] include(Oa.php): failed to open stream: No such file or directory (/var/www/yii/framework/YiiBase.php:427)
Stack trace:
#0 /var/www/planificacion/protected/views/actividad/_form.php(29): spl_autoload_call()
#1 /var/www/yii/framework/web/CBaseController.php(126): require()
#2 /var/www/yii/framework/web/CBaseController.php(95): ActividadController->renderInternal()
#3 /var/www/yii/framework/web/CController.php(869): ActividadController->renderFile()
#4 /var/www/planificacion/protected/views/actividad/create.php(15): ActividadController->renderPartial()
#5 /var/www/yii/framework/web/CBaseController.php(126): require()
#6 /var/www/yii/framework/web/CBaseController.php(95): ActividadController->renderInternal()
#7 /var/www/yii/framework/web/CController.php(869): ActividadController->renderFile()
#8 /var/www/yii/framework/web/CController.php(782): ActividadController->renderPartial()
#9 /var/www/planificacion/protected/controllers/ActividadController.php(92): ActividadController->render()
#10 /var/www/yii/framework/web/actions/CInlineAction.php(49): ActividadController->actionCreate()
#11 /var/www/yii/framework/web/CController.php(308): CInlineAction->runWithParams()
#12 /var/www/yii/framework/web/filters/CFilterChain.php(133): ActividadController->runAction()
#13 /var/www/yii/framework/web/filters/CFilter.php(40): CFilterChain->run()
#14 /var/www/yii/framework/web/CController.php(1145): CAccessControlFilter->filter()
#15 /var/www/yii/framework/web/filters/CInlineFilter.php(58): ActividadController->filterAccessControl()
#16 /var/www/yii/framework/web/filters/CFilterChain.php(130): CInlineFilter->filter()
#17 /var/www/yii/framework/web/CController.php(291): CFilterChain->run()
#18 /var/www/yii/framework/web/CController.php(265): ActividadController->runActionWithFilters()
#19 /var/www/yii/framework/web/CWebApplication.php(282): ActividadController->run()
#20 /var/www/yii/framework/web/CWebApplication.php(141): CWebApplication->runController()
#21 /var/www/yii/framework/base/CApplication.php(180): CWebApplication->processRequest()
#22 /var/www/planificacion/index.php(13): CWebApplication->run()
REQUEST_URI=/planificacion/index.php/actividad/create
in /var/www/planificacion/protected/views/actividad/_form.php (29)
in /var/www/planificacion/protected/views/actividad/create.php (15)
in /var/www/planificacion/protected/controllers/ActividadController.php (92)
2015/04/06 00:34:38 [error] [php] include(Oa.php): failed to open stream: No such file or directory (/var/www/yii/framework/YiiBase.php:427)
Stack trace:
#0 /var/www/planificacion/protected/views/actividad/_form.php(29): spl_autoload_call()
#1 /var/www/yii/framework/web/CBaseController.php(126): require()
#2 /var/www/yii/framework/web/CBaseController.php(95): ActividadController->renderInternal()
#3 /var/www/yii/framework/web/CController.php(869): ActividadController->renderFile()
#4 /var/www/planificacion/protected/views/actividad/create.php(15): ActividadController->renderPartial()
#5 /var/www/yii/framework/web/CBaseController.php(126): require()
#6 /var/www/yii/framework/web/CBaseController.php(95): ActividadController->renderInternal()
#7 /var/www/yii/framework/web/CController.php(869): ActividadController->renderFile()
#8 /var/www/yii/framework/web/CController.php(782): ActividadController->renderPartial()
#9 /var/www/planificacion/protected/controllers/ActividadController.php(92): ActividadController->render()
#10 /var/www/yii/framework/web/actions/CInlineAction.php(49): ActividadController->actionCreate()
#11 /var/www/yii/framework/web/CController.php(308): CInlineAction->runWithParams()
#12 /var/www/yii/framework/web/filters/CFilterChain.php(133): ActividadController->runAction()
#13 /var/www/yii/framework/web/filters/CFilter.php(40): CFilterChain->run()
#14 /var/www/yii/framework/web/CController.php(1145): CAccessControlFilter->filter()
#15 /var/www/yii/framework/web/filters/CInlineFilter.php(58): ActividadController->filterAccessControl()
#16 /var/www/yii/framework/web/filters/CFilterChain.php(130): CInlineFilter->filter()
#17 /var/www/yii/framework/web/CController.php(291): CFilterChain->run()
#18 /var/www/yii/framework/web/CController.php(265): ActividadController->runActionWithFilters()
#19 /var/www/yii/framework/web/CWebApplication.php(282): ActividadController->run()
#20 /var/www/yii/framework/web/CWebApplication.php(141): CWebApplication->runController()
#21 /var/www/yii/framework/base/CApplication.php(180): CWebApplication->processRequest()
#22 /var/www/planificacion/index.php(13): CWebApplication->run()
REQUEST_URI=/planificacion/index.php/actividad/create
in /var/www/planificacion/protected/views/actividad/_form.php (29)
in /var/www/planificacion/protected/views/actividad/create.php (15)
in /var/www/planificacion/protected/controllers/ActividadController.php (92)
2015/04/06 00:35:15 [error] [exception.CException] exception 'CException' with message 'Property "OA.id_oa" is not defined.' in /var/www/yii/framework/base/CComponent.php:130
Stack trace:
#0 /var/www/yii/framework/db/ar/CActiveRecord.php(145): CComponent->__get('id_oa')
#1 /var/www/planificacion/protected/views/actividad/_form.php(34): CActiveRecord->__get('id_oa')
#2 /var/www/yii/framework/web/CBaseController.php(126): require('/var/www/planif...')
#3 /var/www/yii/framework/web/CBaseController.php(95): CBaseController->renderInternal('/var/www/planif...', Array, true)
#4 /var/www/yii/framework/web/CController.php(869): CBaseController->renderFile('/var/www/planif...', Array, true)
#5 /var/www/planificacion/protected/views/actividad/create.php(15): CController->renderPartial('_form', Array)
#6 /var/www/yii/framework/web/CBaseController.php(126): require('/var/www/planif...')
#7 /var/www/yii/framework/web/CBaseController.php(95): CBaseController->renderInternal('/var/www/planif...', Array, true)
#8 /var/www/yii/framework/web/CController.php(869): CBaseController->renderFile('/var/www/planif...', Array, true)
#9 /var/www/yii/framework/web/CController.php(782): CController->renderPartial('create', Array, true)
#10 /var/www/planificacion/protected/controllers/ActividadController.php(92): CController->render('create', Array)
#11 /var/www/yii/framework/web/actions/CInlineAction.php(49): ActividadController->actionCreate()
#12 /var/www/yii/framework/web/CController.php(308): CInlineAction->runWithParams(Array)
#13 /var/www/yii/framework/web/filters/CFilterChain.php(133): CController->runAction(Object(CInlineAction))
#14 /var/www/yii/framework/web/filters/CFilter.php(40): CFilterChain->run()
#15 /var/www/yii/framework/web/CController.php(1145): CFilter->filter(Object(CFilterChain))
#16 /var/www/yii/framework/web/filters/CInlineFilter.php(58): CController->filterAccessControl(Object(CFilterChain))
#17 /var/www/yii/framework/web/filters/CFilterChain.php(130): CInlineFilter->filter(Object(CFilterChain))
#18 /var/www/yii/framework/web/CController.php(291): CFilterChain->run()
#19 /var/www/yii/framework/web/CController.php(265): CController->runActionWithFilters(Object(CInlineAction), Array)
#20 /var/www/yii/framework/web/CWebApplication.php(282): CController->run('create')
#21 /var/www/yii/framework/web/CWebApplication.php(141): CWebApplication->runController('actividad/creat...')
#22 /var/www/yii/framework/base/CApplication.php(180): CWebApplication->processRequest()
#23 /var/www/planificacion/index.php(13): CApplication->run()
#24 {main}
REQUEST_URI=/planificacion/index.php/actividad/create
HTTP_REFERER=http://127.0.0.1/planificacion/index.php/actividad
---
2015/04/06 00:35:54 [error] [exception.CException] exception 'CException' with message 'Property "OA.id_oa" is not defined.' in /var/www/yii/framework/base/CComponent.php:130
Stack trace:
#0 /var/www/yii/framework/db/ar/CActiveRecord.php(145): CComponent->__get('id_oa')
#1 /var/www/planificacion/protected/views/actividad/_form.php(35): CActiveRecord->__get('id_oa')
#2 /var/www/yii/framework/web/CBaseController.php(126): require('/var/www/planif...')
#3 /var/www/yii/framework/web/CBaseController.php(95): CBaseController->renderInternal('/var/www/planif...', Array, true)
#4 /var/www/yii/framework/web/CController.php(869): CBaseController->renderFile('/var/www/planif...', Array, true)
#5 /var/www/planificacion/protected/views/actividad/create.php(15): CController->renderPartial('_form', Array)
#6 /var/www/yii/framework/web/CBaseController.php(126): require('/var/www/planif...')
#7 /var/www/yii/framework/web/CBaseController.php(95): CBaseController->renderInternal('/var/www/planif...', Array, true)
#8 /var/www/yii/framework/web/CController.php(869): CBaseController->renderFile('/var/www/planif...', Array, true)
#9 /var/www/yii/framework/web/CController.php(782): CController->renderPartial('create', Array, true)
#10 /var/www/planificacion/protected/controllers/ActividadController.php(92): CController->render('create', Array)
#11 /var/www/yii/framework/web/actions/CInlineAction.php(49): ActividadController->actionCreate()
#12 /var/www/yii/framework/web/CController.php(308): CInlineAction->runWithParams(Array)
#13 /var/www/yii/framework/web/filters/CFilterChain.php(133): CController->runAction(Object(CInlineAction))
#14 /var/www/yii/framework/web/filters/CFilter.php(40): CFilterChain->run()
#15 /var/www/yii/framework/web/CController.php(1145): CFilter->filter(Object(CFilterChain))
#16 /var/www/yii/framework/web/filters/CInlineFilter.php(58): CController->filterAccessControl(Object(CFilterChain))
#17 /var/www/yii/framework/web/filters/CFilterChain.php(130): CInlineFilter->filter(Object(CFilterChain))
#18 /var/www/yii/framework/web/CController.php(291): CFilterChain->run()
#19 /var/www/yii/framework/web/CController.php(265): CController->runActionWithFilters(Object(CInlineAction), Array)
#20 /var/www/yii/framework/web/CWebApplication.php(282): CController->run('create')
#21 /var/www/yii/framework/web/CWebApplication.php(141): CWebApplication->runController('actividad/creat...')
#22 /var/www/yii/framework/base/CApplication.php(180): CWebApplication->processRequest()
#23 /var/www/planificacion/index.php(13): CApplication->run()
#24 {main}
REQUEST_URI=/planificacion/index.php/actividad/create
HTTP_REFERER=http://127.0.0.1/planificacion/index.php/actividad
---
2015/04/06 00:35:57 [error] [exception.CException] exception 'CException' with message 'Property "OA.id_oa" is not defined.' in /var/www/yii/framework/base/CComponent.php:130
Stack trace:
#0 /var/www/yii/framework/db/ar/CActiveRecord.php(145): CComponent->__get('id_oa')
#1 /var/www/planificacion/protected/views/actividad/_form.php(35): CActiveRecord->__get('id_oa')
#2 /var/www/yii/framework/web/CBaseController.php(126): require('/var/www/planif...')
#3 /var/www/yii/framework/web/CBaseController.php(95): CBaseController->renderInternal('/var/www/planif...', Array, true)
#4 /var/www/yii/framework/web/CController.php(869): CBaseController->renderFile('/var/www/planif...', Array, true)
#5 /var/www/planificacion/protected/views/actividad/create.php(15): CController->renderPartial('_form', Array)
#6 /var/www/yii/framework/web/CBaseController.php(126): require('/var/www/planif...')
#7 /var/www/yii/framework/web/CBaseController.php(95): CBaseController->renderInternal('/var/www/planif...', Array, true)
#8 /var/www/yii/framework/web/CController.php(869): CBaseController->renderFile('/var/www/planif...', Array, true)
#9 /var/www/yii/framework/web/CController.php(782): CController->renderPartial('create', Array, true)
#10 /var/www/planificacion/protected/controllers/ActividadController.php(92): CController->render('create', Array)
#11 /var/www/yii/framework/web/actions/CInlineAction.php(49): ActividadController->actionCreate()
#12 /var/www/yii/framework/web/CController.php(308): CInlineAction->runWithParams(Array)
#13 /var/www/yii/framework/web/filters/CFilterChain.php(133): CController->runAction(Object(CInlineAction))
#14 /var/www/yii/framework/web/filters/CFilter.php(40): CFilterChain->run()
#15 /var/www/yii/framework/web/CController.php(1145): CFilter->filter(Object(CFilterChain))
#16 /var/www/yii/framework/web/filters/CInlineFilter.php(58): CController->filterAccessControl(Object(CFilterChain))
#17 /var/www/yii/framework/web/filters/CFilterChain.php(130): CInlineFilter->filter(Object(CFilterChain))
#18 /var/www/yii/framework/web/CController.php(291): CFilterChain->run()
#19 /var/www/yii/framework/web/CController.php(265): CController->runActionWithFilters(Object(CInlineAction), Array)
#20 /var/www/yii/framework/web/CWebApplication.php(282): CController->run('create')
#21 /var/www/yii/framework/web/CWebApplication.php(141): CWebApplication->runController('actividad/creat...')
#22 /var/www/yii/framework/base/CApplication.php(180): CWebApplication->processRequest()
#23 /var/www/planificacion/index.php(13): CApplication->run()
#24 {main}
REQUEST_URI=/planificacion/index.php/actividad/create
---
2015/04/06 00:43:30 [error] [exception.CException] exception 'CException' with message 'Property "OA.id_oa" is not defined.' in /var/www/yii/framework/base/CComponent.php:130
Stack trace:
#0 /var/www/yii/framework/db/ar/CActiveRecord.php(145): CComponent->__get('id_oa')
#1 /var/www/planificacion/protected/views/actividad/_form.php(35): CActiveRecord->__get('id_oa')
#2 /var/www/yii/framework/web/CBaseController.php(126): require('/var/www/planif...')
#3 /var/www/yii/framework/web/CBaseController.php(95): CBaseController->renderInternal('/var/www/planif...', Array, true)
#4 /var/www/yii/framework/web/CController.php(869): CBaseController->renderFile('/var/www/planif...', Array, true)
#5 /var/www/planificacion/protected/views/actividad/create.php(15): CController->renderPartial('_form', Array)
#6 /var/www/yii/framework/web/CBaseController.php(126): require('/var/www/planif...')
#7 /var/www/yii/framework/web/CBaseController.php(95): CBaseController->renderInternal('/var/www/planif...', Array, true)
#8 /var/www/yii/framework/web/CController.php(869): CBaseController->renderFile('/var/www/planif...', Array, true)
#9 /var/www/yii/framework/web/CController.php(782): CController->renderPartial('create', Array, true)
#10 /var/www/planificacion/protected/controllers/ActividadController.php(103): CController->render('create', Array)
#11 /var/www/yii/framework/web/actions/CInlineAction.php(49): ActividadController->actionCreate()
#12 /var/www/yii/framework/web/CController.php(308): CInlineAction->runWithParams(Array)
#13 /var/www/yii/framework/web/filters/CFilterChain.php(133): CController->runAction(Object(CInlineAction))
#14 /var/www/yii/framework/web/filters/CFilter.php(40): CFilterChain->run()
#15 /var/www/yii/framework/web/CController.php(1145): CFilter->filter(Object(CFilterChain))
#16 /var/www/yii/framework/web/filters/CInlineFilter.php(58): CController->filterAccessControl(Object(CFilterChain))
#17 /var/www/yii/framework/web/filters/CFilterChain.php(130): CInlineFilter->filter(Object(CFilterChain))
#18 /var/www/yii/framework/web/CController.php(291): CFilterChain->run()
#19 /var/www/yii/framework/web/CController.php(265): CController->runActionWithFilters(Object(CInlineAction), Array)
#20 /var/www/yii/framework/web/CWebApplication.php(282): CController->run('create')
#21 /var/www/yii/framework/web/CWebApplication.php(141): CWebApplication->runController('actividad/creat...')
#22 /var/www/yii/framework/base/CApplication.php(180): CWebApplication->processRequest()
#23 /var/www/planificacion/index.php(13): CApplication->run()
#24 {main}
REQUEST_URI=/planificacion/index.php/actividad/create
---
2015/04/06 00:44:03 [error] [php] include(Indicador.php): failed to open stream: No such file or directory (/var/www/yii/framework/YiiBase.php:427)
Stack trace:
#0 /var/www/planificacion/protected/views/actividad/_form.php(37): spl_autoload_call()
#1 /var/www/yii/framework/web/CBaseController.php(126): require()
#2 /var/www/yii/framework/web/CBaseController.php(95): ActividadController->renderInternal()
#3 /var/www/yii/framework/web/CController.php(869): ActividadController->renderFile()
#4 /var/www/planificacion/protected/views/actividad/create.php(15): ActividadController->renderPartial()
#5 /var/www/yii/framework/web/CBaseController.php(126): require()
#6 /var/www/yii/framework/web/CBaseController.php(95): ActividadController->renderInternal()
#7 /var/www/yii/framework/web/CController.php(869): ActividadController->renderFile()
#8 /var/www/yii/framework/web/CController.php(782): ActividadController->renderPartial()
#9 /var/www/planificacion/protected/controllers/ActividadController.php(103): ActividadController->render()
#10 /var/www/yii/framework/web/actions/CInlineAction.php(49): ActividadController->actionCreate()
#11 /var/www/yii/framework/web/CController.php(308): CInlineAction->runWithParams()
#12 /var/www/yii/framework/web/filters/CFilterChain.php(133): ActividadController->runAction()
#13 /var/www/yii/framework/web/filters/CFilter.php(40): CFilterChain->run()
#14 /var/www/yii/framework/web/CController.php(1145): CAccessControlFilter->filter()
#15 /var/www/yii/framework/web/filters/CInlineFilter.php(58): ActividadController->filterAccessControl()
#16 /var/www/yii/framework/web/filters/CFilterChain.php(130): CInlineFilter->filter()
#17 /var/www/yii/framework/web/CController.php(291): CFilterChain->run()
#18 /var/www/yii/framework/web/CController.php(265): ActividadController->runActionWithFilters()
#19 /var/www/yii/framework/web/CWebApplication.php(282): ActividadController->run()
#20 /var/www/yii/framework/web/CWebApplication.php(141): CWebApplication->runController()
#21 /var/www/yii/framework/base/CApplication.php(180): CWebApplication->processRequest()
#22 /var/www/planificacion/index.php(13): CWebApplication->run()
REQUEST_URI=/planificacion/index.php/actividad/create
in /var/www/planificacion/protected/views/actividad/_form.php (37)
in /var/www/planificacion/protected/views/actividad/create.php (15)
in /var/www/planificacion/protected/controllers/ActividadController.php (103)
2015/04/06 00:44:41 [error] [exception.CException] exception 'CException' with message 'Property "Indicador.nombre_indicador" is not defined.' in /var/www/yii/framework/base/CComponent.php:130
Stack trace:
#0 /var/www/yii/framework/db/ar/CActiveRecord.php(145): CComponent->__get('nombre_indicado...')
#1 /var/www/planificacion/protected/views/actividad/_form.php(39): CActiveRecord->__get('nombre_indicado...')
#2 /var/www/yii/framework/web/CBaseController.php(126): require('/var/www/planif...')
#3 /var/www/yii/framework/web/CBaseController.php(95): CBaseController->renderInternal('/var/www/planif...', Array, true)
#4 /var/www/yii/framework/web/CController.php(869): CBaseController->renderFile('/var/www/planif...', Array, true)
#5 /var/www/planificacion/protected/views/actividad/create.php(15): CController->renderPartial('_form', Array)
#6 /var/www/yii/framework/web/CBaseController.php(126): require('/var/www/planif...')
#7 /var/www/yii/framework/web/CBaseController.php(95): CBaseController->renderInternal('/var/www/planif...', Array, true)
#8 /var/www/yii/framework/web/CController.php(869): CBaseController->renderFile('/var/www/planif...', Array, true)
#9 /var/www/yii/framework/web/CController.php(782): CController->renderPartial('create', Array, true)
#10 /var/www/planificacion/protected/controllers/ActividadController.php(103): CController->render('create', Array)
#11 /var/www/yii/framework/web/actions/CInlineAction.php(49): ActividadController->actionCreate()
#12 /var/www/yii/framework/web/CController.php(308): CInlineAction->runWithParams(Array)
#13 /var/www/yii/framework/web/filters/CFilterChain.php(133): CController->runAction(Object(CInlineAction))
#14 /var/www/yii/framework/web/filters/CFilter.php(40): CFilterChain->run()
#15 /var/www/yii/framework/web/CController.php(1145): CFilter->filter(Object(CFilterChain))
#16 /var/www/yii/framework/web/filters/CInlineFilter.php(58): CController->filterAccessControl(Object(CFilterChain))
#17 /var/www/yii/framework/web/filters/CFilterChain.php(130): CInlineFilter->filter(Object(CFilterChain))
#18 /var/www/yii/framework/web/CController.php(291): CFilterChain->run()
#19 /var/www/yii/framework/web/CController.php(265): CController->runActionWithFilters(Object(CInlineAction), Array)
#20 /var/www/yii/framework/web/CWebApplication.php(282): CController->run('create')
#21 /var/www/yii/framework/web/CWebApplication.php(141): CWebApplication->runController('actividad/creat...')
#22 /var/www/yii/framework/base/CApplication.php(180): CWebApplication->processRequest()
#23 /var/www/planificacion/index.php(13): CApplication->run()
#24 {main}
REQUEST_URI=/planificacion/index.php/actividad/create
---
2015/04/06 00:46:02 [error] [system.db.CDbCommand] CDbCommand::fetchAll() failed: SQLSTATE[42S22]: Column not found: 1054 Unknown column 'LE01' in 'where clause'. The SQL statement executed was: SELECT * FROM `OA` `t` WHERE id_asignatura=LE01.
in /var/www/planificacion/protected/views/actividad/_form.php (29)
in /var/www/planificacion/protected/views/actividad/create.php (15)
in /var/www/planificacion/protected/controllers/ActividadController.php (103)
2015/04/06 00:46:02 [error] [exception.CDbException] exception 'CDbException' with message 'CDbCommand failed to execute the SQL statement: SQLSTATE[42S22]: Column not found: 1054 Unknown column 'LE01' in 'where clause'. The SQL statement executed was: SELECT * FROM `OA` `t` WHERE id_asignatura=LE01' in /var/www/yii/framework/db/CDbCommand.php:543
Stack trace:
#0 /var/www/yii/framework/db/CDbCommand.php(396): CDbCommand->queryInternal('fetchAll', Array, Array)
#1 /var/www/yii/framework/db/ar/CActiveRecord.php(1351): CDbCommand->queryAll()
#2 /var/www/yii/framework/db/ar/CActiveRecord.php(1470): CActiveRecord->query(Object(CDbCriteria), true)
#3 /var/www/planificacion/protected/views/actividad/_form.php(29): CActiveRecord->findAll('id_asignatura=L...')
#4 /var/www/yii/framework/web/CBaseController.php(126): require('/var/www/planif...')
#5 /var/www/yii/framework/web/CBaseController.php(95): CBaseController->renderInternal('/var/www/planif...', Array, true)
#6 /var/www/yii/framework/web/CController.php(869): CBaseController->renderFile('/var/www/planif...', Array, true)
#7 /var/www/planificacion/protected/views/actividad/create.php(15): CController->renderPartial('_form', Array)
#8 /var/www/yii/framework/web/CBaseController.php(126): require('/var/www/planif...')
#9 /var/www/yii/framework/web/CBaseController.php(95): CBaseController->renderInternal('/var/www/planif...', Array, true)
#10 /var/www/yii/framework/web/CController.php(869): CBaseController->renderFile('/var/www/planif...', Array, true)
#11 /var/www/yii/framework/web/CController.php(782): CController->renderPartial('create', Array, true)
#12 /var/www/planificacion/protected/controllers/ActividadController.php(103): CController->render('create', Array)
#13 /var/www/yii/framework/web/actions/CInlineAction.php(49): ActividadController->actionCreate()
#14 /var/www/yii/framework/web/CController.php(308): CInlineAction->runWithParams(Array)
#15 /var/www/yii/framework/web/filters/CFilterChain.php(133): CController->runAction(Object(CInlineAction))
#16 /var/www/yii/framework/web/filters/CFilter.php(40): CFilterChain->run()
#17 /var/www/yii/framework/web/CController.php(1145): CFilter->filter(Object(CFilterChain))
#18 /var/www/yii/framework/web/filters/CInlineFilter.php(58): CController->filterAccessControl(Object(CFilterChain))
#19 /var/www/yii/framework/web/filters/CFilterChain.php(130): CInlineFilter->filter(Object(CFilterChain))
#20 /var/www/yii/framework/web/CController.php(291): CFilterChain->run()
#21 /var/www/yii/framework/web/CController.php(265): CController->runActionWithFilters(Object(CInlineAction), Array)
#22 /var/www/yii/framework/web/CWebApplication.php(282): CController->run('create')
#23 /var/www/yii/framework/web/CWebApplication.php(141): CWebApplication->runController('actividad/creat...')
#24 /var/www/yii/framework/base/CApplication.php(180): CWebApplication->processRequest()
#25 /var/www/planificacion/index.php(13): CApplication->run()
#26 {main}
REQUEST_URI=/planificacion/index.php/actividad/create
---
2015/04/06 02:45:20 [warning] [application] Failed to set unsafe attribute "IndicadoresIds" of "Actividad".
in /var/www/planificacion/protected/controllers/ActividadController.php (86)
in /var/www/planificacion/index.php (13)
2015/04/06 02:52:51 [warning] [application] Failed to set unsafe attribute "IndicadoresIds" of "Actividad".
in /var/www/planificacion/protected/controllers/ActividadController.php (86)
in /var/www/planificacion/index.php (13)
2015/04/06 02:54:26 [warning] [application] Failed to set unsafe attribute "IndicadoresIds" of "Actividad".
in /var/www/planificacion/protected/controllers/ActividadController.php (86)
in /var/www/planificacion/index.php (13)
